{"logTime": "1110/204148", "correlationVector":"SOFZo1g0rKCz9auPCzi+iS","action":"Commit Request", "result":"", "context":Item count: 6
Contributing types: Sessions, Device Info, History}
{"logTime": "1110/204150", "correlationVector":"SOFZo1g0rKCz9auPCzi+iS.1","action":"SyncServerConnectionManagerRequest", "result":"SYNC_SERVER_OK", "context":{"environment":"Prod_southindia_prod-s01-004-apac-southindia", "migrationStage":"NotStarted", "server":"akswtt02100002j"}}
{"logTime": "1110/204150", "correlationVector":"SOFZo1g0rKCz9auPCzi+iS.2","action":"Commit Response", "result":"Success", "context":Result: Success. cV=SOFZo1g0rKCz9auPCzi+iS.0;server=akswtt02100002j;cloudType=Consumer;environment=Prod_southindia_prod-s01-004-apac-southindia;migrationStage=NotStarted}
{"logTime": "1110/204150", "correlationVector":"jJhZFH2yGPyQ1ffVucQZzS","action":"Poll GetUpdate request", "result":"", "context":cV=jJhZFH2yGPyQ1ffVucQZzS}
{"logTime": "1110/204150", "correlationVector":"jJhZFH2yGPyQ1ffVucQZzS.1","action":"SyncServerConnectionManagerRequest", "result":"SYNC_SERVER_OK", "context":{"environment":"Prod_southindia_prod-s01-004-apac-southindia", "migrationStage":"NotStarted", "server":"akswtt021000014"}}
{"logTime": "1110/204150", "correlationVector":"jJhZFH2yGPyQ1ffVucQZzS.2","action":"ProcessGetUpdates", "result":"Done", "context":{"dataType":"Sessions", "deleted":"0", "process_failed_to_decrypt":"0", "process_pending_decryption":"0", "process_success":"2", "total":"2"}}
{"logTime": "1110/204150", "correlationVector":"jJhZFH2yGPyQ1ffVucQZzS.3","action":"ProcessGetUpdates", "result":"Done", "context":{"dataType":"Device Info", "deleted":"0", "process_failed_to_decrypt":"0", "process_pending_decryption":"0", "process_success":"1", "total":"1"}}
{"logTime": "1110/204150", "correlationVector":"jJhZFH2yGPyQ1ffVucQZzS.4","action":"ProcessGetUpdates", "result":"Done", "context":{"dataType":"History", "deleted":"0", "process_failed_to_decrypt":"0", "process_pending_decryption":"0", "process_success":"3", "total":"3"}}
{"logTime": "1110/204150", "correlationVector":"jJhZFH2yGPyQ1ffVucQZzS.5","action":"GetUpdates Response", "result":"Success", "context":Received 6 update(s). cV=jJhZFH2yGPyQ1ffVucQZzS.0;server=akswtt021000014;cloudType=Consumer;environment=Prod_southindia_prod-s01-004-apac-southindia;migrationStage=NotStarted}
{"logTime": "1110/204248", "correlationVector":"iRo6LIUKq43ggy3/2XMU10","action":"Commit Request", "result":"", "context":Item count: 9
Contributing types: Sessions, Device Info, History}
{"logTime": "1110/204249", "correlationVector":"iRo6LIUKq43ggy3/2XMU10.1","action":"SyncServerConnectionManagerRequest", "result":"SYNC_SERVER_OK", "context":{"environment":"Prod_southindia_prod-s01-004-apac-southindia", "migrationStage":"NotStarted", "server":"akswtt021000057"}}
{"logTime": "1110/204249", "correlationVector":"iRo6LIUKq43ggy3/2XMU10.2","action":"Commit Response", "result":"Success", "context":Result: Success. cV=iRo6LIUKq43ggy3/2XMU10.0;server=akswtt021000057;cloudType=Consumer;environment=Prod_southindia_prod-s01-004-apac-southindia;migrationStage=NotStarted}
{"logTime": "1110/210109", "correlationVector":"4eWMDche4KrjkjIWY1tYLD","action":"Commit Request", "result":"", "context":Item count: 1
Contributing types: Sessions}
{"logTime": "1110/210110", "correlationVector":"4eWMDche4KrjkjIWY1tYLD.1","action":"SyncServerConnectionManagerRequest", "result":"SYNC_SERVER_OK", "context":{"environment":"Prod_southindia_prod-s01-004-apac-southindia", "migrationStage":"NotStarted", "server":"akswtt02100002n"}}
{"logTime": "1110/210110", "correlationVector":"4eWMDche4KrjkjIWY1tYLD.2","action":"Commit Response", "result":"Success", "context":Result: Success. cV=4eWMDche4KrjkjIWY1tYLD.0;server=akswtt02100002n;cloudType=Consumer;environment=Prod_southindia_prod-s01-004-apac-southindia;migrationStage=NotStarted}
{"logTime": "1110/210536", "correlationVector":"Hc8iLLI/7PaflXX3afnuXZ","action":"Commit Request", "result":"", "context":Item count: 1
Contributing types: Sessions}
{"logTime": "1110/210536", "correlationVector":"Hc8iLLI/7PaflXX3afnuXZ.1","action":"SyncServerConnectionManagerRequest", "result":"SYNC_SERVER_OK", "context":{"environment":"Prod_southindia_prod-s01-004-apac-southindia", "migrationStage":"NotStarted", "server":"akswtt021000037"}}
{"logTime": "1110/210536", "correlationVector":"Hc8iLLI/7PaflXX3afnuXZ.2","action":"Commit Response", "result":"Success", "context":Result: Success. cV=Hc8iLLI/7PaflXX3afnuXZ.0;server=akswtt021000037;cloudType=Consumer;environment=Prod_southindia_prod-s01-004-apac-southindia;migrationStage=NotStarted}
{"logTime": "1110/210907", "correlationVector":"KbMM2Pk41OAhcOBHDA9Lm1","action":"Commit Request", "result":"", "context":Item count: 4
Contributing types: Sessions, History}
{"logTime": "1110/210907", "correlationVector":"KbMM2Pk41OAhcOBHDA9Lm1.1","action":"SyncServerConnectionManagerRequest", "result":"SYNC_SERVER_OK", "context":{"environment":"Prod_southindia_prod-s01-004-apac-southindia", "migrationStage":"NotStarted", "server":"akswtt02100000z"}}
{"logTime": "1110/210907", "correlationVector":"KbMM2Pk41OAhcOBHDA9Lm1.2","action":"Commit Response", "result":"Success", "context":Result: Success. cV=KbMM2Pk41OAhcOBHDA9Lm1.0;server=akswtt02100000z;cloudType=Consumer;environment=Prod_southindia_prod-s01-004-apac-southindia;migrationStage=NotStarted}
{"logTime": "1110/211447", "correlationVector":"y41jYiWMcAIFLMCDgzZ+a8","action":"Commit Request", "result":"", "context":Item count: 4
Contributing types: Sessions, History}
{"logTime": "1110/211448", "correlationVector":"y41jYiWMcAIFLMCDgzZ+a8.1","action":"SyncServerConnectionManagerRequest", "result":"SYNC_SERVER_OK", "context":{"environment":"Prod_southindia_prod-s01-004-apac-southindia", "migrationStage":"NotStarted", "server":"akswtt021000011"}}
{"logTime": "1110/211448", "correlationVector":"y41jYiWMcAIFLMCDgzZ+a8.2","action":"Commit Response", "result":"Success", "context":Result: Success. cV=y41jYiWMcAIFLMCDgzZ+a8.0;server=akswtt021000011;cloudType=Consumer;environment=Prod_southindia_prod-s01-004-apac-southindia;migrationStage=NotStarted}
{"logTime": "1110/211623", "correlationVector":"x22yUCQ2ZTJJS+YWHWSVgw","action":"Commit Request", "result":"", "context":Item count: 4
Contributing types: Sessions, History}
{"logTime": "1110/211625", "correlationVector":"x22yUCQ2ZTJJS+YWHWSVgw.1","action":"SyncServerConnectionManagerRequest", "result":"SYNC_SERVER_OK", "context":{"environment":"Prod_southindia_prod-s01-004-apac-southindia", "migrationStage":"NotStarted", "server":"akswtt02100004q"}}
{"logTime": "1110/211625", "correlationVector":"x22yUCQ2ZTJJS+YWHWSVgw.2","action":"Commit Response", "result":"Success", "context":Result: Success. cV=x22yUCQ2ZTJJS+YWHWSVgw.0;server=akswtt02100004q;cloudType=Consumer;environment=Prod_southindia_prod-s01-004-apac-southindia;migrationStage=NotStarted}
{"logTime": "1110/212226", "correlationVector":"IRiyNe1J9LNEbIDOHiujeb","action":"Commit Request", "result":"", "context":Item count: 4
Contributing types: Sessions, History}
{"logTime": "1110/212226", "correlationVector":"IRiyNe1J9LNEbIDOHiujeb.1","action":"SyncServerConnectionManagerRequest", "result":"SYNC_SERVER_OK", "context":{"environment":"Prod_southindia_prod-s01-004-apac-southindia", "migrationStage":"NotStarted", "server":"akswtt021000023"}}
{"logTime": "1110/212226", "correlationVector":"IRiyNe1J9LNEbIDOHiujeb.2","action":"Commit Response", "result":"Success", "context":Result: Success. cV=IRiyNe1J9LNEbIDOHiujeb.0;server=akswtt021000023;cloudType=Consumer;environment=Prod_southindia_prod-s01-004-apac-southindia;migrationStage=NotStarted}
{"logTime": "1110/212752", "correlationVector":"nTVPaqPID96FYEn7P2+pjL","action":"Commit Request", "result":"", "context":Item count: 1
Contributing types: Sessions}
{"logTime": "1110/212752", "correlationVector":"nTVPaqPID96FYEn7P2+pjL.1","action":"SyncServerConnectionManagerRequest", "result":"SYNC_SERVER_OK", "context":{"environment":"Prod_southindia_prod-s01-004-apac-southindia", "migrationStage":"NotStarted", "server":"akswtt021000035"}}
{"logTime": "1110/212752", "correlationVector":"nTVPaqPID96FYEn7P2+pjL.2","action":"Commit Response", "result":"Success", "context":Result: Success. cV=nTVPaqPID96FYEn7P2+pjL.0;server=akswtt021000035;cloudType=Consumer;environment=Prod_southindia_prod-s01-004-apac-southindia;migrationStage=NotStarted}
{"logTime": "1110/214751", "correlationVector":"BQLihulMOblRhUKGTuu16W","action":"Commit Request", "result":"", "context":Item count: 4
Contributing types: Sessions, History}
{"logTime": "1110/214752", "correlationVector":"BQLihulMOblRhUKGTuu16W.1","action":"SyncServerConnectionManagerRequest", "result":"SYNC_SERVER_OK", "context":{"environment":"Prod_southindia_prod-s01-004-apac-southindia", "migrationStage":"NotStarted", "server":"akswtt02100004i"}}
{"logTime": "1110/214752", "correlationVector":"BQLihulMOblRhUKGTuu16W.2","action":"Commit Response", "result":"Success", "context":Result: Success. cV=BQLihulMOblRhUKGTuu16W.0;server=akswtt02100004i;cloudType=Consumer;environment=Prod_southindia_prod-s01-004-apac-southindia;migrationStage=NotStarted}
{"logTime": "1110/214929", "correlationVector":"pr5RoCVgpGaHpWRenqS+UH","action":"Commit Request", "result":"", "context":Item count: 4
Contributing types: Sessions, History}
{"logTime": "1110/214930", "correlationVector":"pr5RoCVgpGaHpWRenqS+UH.1","action":"SyncServerConnectionManagerRequest", "result":"SYNC_SERVER_OK", "context":{"environment":"Prod_southindia_prod-s01-004-apac-southindia", "migrationStage":"NotStarted", "server":"akswtt02100001b"}}
{"logTime": "1110/214930", "correlationVector":"pr5RoCVgpGaHpWRenqS+UH.2","action":"Commit Response", "result":"Success", "context":Result: Success. cV=pr5RoCVgpGaHpWRenqS+UH.0;server=akswtt02100001b;cloudType=Consumer;environment=Prod_southindia_prod-s01-004-apac-southindia;migrationStage=NotStarted}
{"logTime": "1110/215835", "correlationVector":"xt8s7+eeuvzQn3HTMTOixZ","action":"Commit Request", "result":"", "context":Item count: 1
Contributing types: Sessions}
{"logTime": "1110/215835", "correlationVector":"xt8s7+eeuvzQn3HTMTOixZ.1","action":"SyncServerConnectionManagerRequest", "result":"SYNC_SERVER_OK", "context":{"environment":"Prod_southindia_prod-s01-004-apac-southindia", "migrationStage":"NotStarted", "server":"akswtt021000023"}}
{"logTime": "1110/215835", "correlationVector":"xt8s7+eeuvzQn3HTMTOixZ.2","action":"Commit Response", "result":"Success", "context":Result: Success. cV=xt8s7+eeuvzQn3HTMTOixZ.0;server=akswtt021000023;cloudType=Consumer;environment=Prod_southindia_prod-s01-004-apac-southindia;migrationStage=NotStarted}
{"logTime": "1110/220005", "correlationVector":"53v/X4RIFnbJruxJpEZ2MA","action":"Commit Request", "result":"", "context":Item count: 1
Contributing types: Sessions}
{"logTime": "1110/220005", "correlationVector":"53v/X4RIFnbJruxJpEZ2MA.1","action":"SyncServerConnectionManagerRequest", "result":"SYNC_SERVER_OK", "context":{"environment":"Prod_southindia_prod-s01-004-apac-southindia", "migrationStage":"NotStarted", "server":"akswtt02100004p"}}
{"logTime": "1110/220005", "correlationVector":"53v/X4RIFnbJruxJpEZ2MA.2","action":"Commit Response", "result":"Success", "context":Result: Success. cV=53v/X4RIFnbJruxJpEZ2MA.0;server=akswtt02100004p;cloudType=Consumer;environment=Prod_southindia_prod-s01-004-apac-southindia;migrationStage=NotStarted}
{"logTime": "1110/220617", "correlationVector":"YyBmdK3emd3O9QRmSHrhG1.1","action":"SyncServerConnectionManagerRequest", "result":"SYNC_SERVER_OK", "context":{"environment":"Prod_southindia_prod-s01-004-apac-southindia", "migrationStage":"NotStarted", "server":"akswtt021000059"}}
{"logTime": "1110/220617", "correlationVector":"YyBmdK3emd3O9QRmSHrhG1.2","action":"ProcessGetUpdates", "result":"Done", "context":{"dataType":"Encryption Keys", "deleted":"0", "process_failed_to_decrypt":"0", "process_pending_decryption":"0", "process_success":"1", "total":"1"}}
{"logTime": "1110/220618", "correlationVector":"oLZ9dc3qSuxD70DKCS8xpW","action":"SyncServerConnectionManagerRequest", "result":"SYNC_SERVER_OK", "context":{"environment":"", "migrationStage":"", "server":""}}
{"logTime": "1110/220618", "correlationVector":"oLZ9dc3qSuxD70DKCS8xpW.0","action":"EncryptionKeysFetcher.DownloadKeys:", "result":"Success", "context":Key count: 5, Last key timestamp: 2025-07-27T05:29:56Z}
{"logTime": "1110/220618", "correlationVector":"oLZ9dc3qSuxD70DKCS8xpW.1","action":"EncryptionKeysManager::SetEncryptionKeys:", "result":"Success", "context":Key names[5]:[M53GCzqXgUmIcIHaCmR5PBdJ/zgR77+lggHrHftORxVNo3Rn3aFPbd/+uAMOLOOG6XoGPBoYeE/0gHQ1ikCIig==][zrxcvMrikdFp3WE2vqhXfilphfGUOuFGng2uBmRz90VnL1aILDNu9RuBP+6aeslLHtx7501Xk6N9AklKN786sw==][/WwaHH8oX8GGxhST6/LzBJ8mmhQbCy864O5/R4oay1J78Qa3jty18q2dpMOvcTntRDZZXix43ctVy4jZ4JVQIA==][jUV/XVASmg5ddl5q90z+SoNSHbKfwyq523Rlt9PJ86lSnZEmcmrFOwOA0FX4OrqAm9p8Vc974UQbzfioLUIzSA==][zUpK4Qjg1nRPPVAbnD2h8m/WkDU4KBT5n/pd71xk/xJQrhRSR3DDT2ctW057hT761583LwZAXydTS6K+clvkhw==]}
{"logTime": "1110/220618", "correlationVector":"oLZ9dc3qSuxD70DKCS8xpW.2","action":"EncryptionKeysManager::SetEncryptionKeysWithTimestamps:", "result":"Success", "context":Key timestamps[5]:[2024-04-22T10:05:22Z][2024-10-24T12:24:24Z][2024-11-09T06:32:15Z][2025-05-09T04:56:41Z][2025-07-27T05:29:56Z]}
{"logTime": "1110/220618", "correlationVector":"YyBmdK3emd3O9QRmSHrhG1","action":"Initial GetUpdates", "result":"", "context":Reason: NEW_CLIENT. cV=YyBmdK3emd3O9QRmSHrhG1}
{"logTime": "1110/220618", "correlationVector":"YyBmdK3emd3O9QRmSHrhG1.3","action":"GetUpdates Response", "result":"Success", "context":Received 1 update(s). cV=YyBmdK3emd3O9QRmSHrhG1.0;server=akswtt021000059;cloudType=Consumer;environment=Prod_southindia_prod-s01-004-apac-southindia;migrationStage=NotStarted}
{"logTime": "1110/220618", "correlationVector":"3u4uLuA7FLN6c4XsfPV4h0","action":"Initial GetUpdates", "result":"", "context":Reason: NEWLY_SUPPORTED_DATATYPE. cV=3u4uLuA7FLN6c4XsfPV4h0}
{"logTime": "1110/220618", "correlationVector":"3u4uLuA7FLN6c4XsfPV4h0.1","action":"SyncServerConnectionManagerRequest", "result":"SYNC_SERVER_OK", "context":{"environment":"Prod_southindia_prod-s01-004-apac-southindia", "migrationStage":"NotStarted", "server":"akswtt02100001k"}}
{"logTime": "1110/220618", "correlationVector":"3u4uLuA7FLN6c4XsfPV4h0.2","action":"ProcessGetUpdates", "result":"Done", "context":{"dataType":"Passwords", "deleted":"0", "process_failed_to_decrypt":"0", "process_pending_decryption":"0", "process_success":"6", "total":"6"}}
{"logTime": "1110/220618", "correlationVector":"3u4uLuA7FLN6c4XsfPV4h0.3","action":"GetUpdates Response", "result":"Success", "context":Received 6 update(s). cV=3u4uLuA7FLN6c4XsfPV4h0.0;server=akswtt02100001k;cloudType=Consumer;environment=Prod_southindia_prod-s01-004-apac-southindia;migrationStage=NotStarted}
{"logTime": "1110/220618", "correlationVector":"qONJ5lU8sR7rJY0v9DrdEQ","action":"Normal GetUpdate request", "result":"", "context":cV=qONJ5lU8sR7rJY0v9DrdEQ
Nudged types: Sessions, Device Info, History
Refresh requested types: Bookmarks, Preferences, Passwords, Autofill Profiles, Autofill, Extensions, Sessions, Extension settings, History Delete Directives, Device Info, User Consents, Send Tab To Self, Web Apps, History, Saved Tab Group, WebAuthn Credentials, Collection, Edge E Drop, Edge Hub App Usage, Edge Wallet, Encryption Keys}
{"logTime": "1110/220618", "correlationVector":"qONJ5lU8sR7rJY0v9DrdEQ.1","action":"SyncServerConnectionManagerRequest", "result":"SYNC_SERVER_OK", "context":{"environment":"Prod_southindia_prod-s01-004-apac-southindia", "migrationStage":"NotStarted", "server":"akswtt021000059"}}
{"logTime": "1110/220618", "correlationVector":"qONJ5lU8sR7rJY0v9DrdEQ.2","action":"ProcessGetUpdates", "result":"Done", "context":{"dataType":"Sessions", "deleted":"0", "process_failed_to_decrypt":"0", "process_pending_decryption":"0", "process_success":"1", "total":"1"}}
{"logTime": "1110/220618", "correlationVector":"qONJ5lU8sR7rJY0v9DrdEQ.3","action":"ProcessGetUpdates", "result":"Done", "context":{"dataType":"Device Info", "deleted":"0", "process_failed_to_decrypt":"0", "process_pending_decryption":"0", "process_success":"1", "total":"1"}}
{"logTime": "1110/220618", "correlationVector":"qONJ5lU8sR7rJY0v9DrdEQ.4","action":"ProcessGetUpdates", "result":"Done", "context":{"dataType":"History", "deleted":"0", "process_failed_to_decrypt":"0", "process_pending_decryption":"0", "process_success":"19", "total":"19"}}
{"logTime": "1110/220618", "correlationVector":"qONJ5lU8sR7rJY0v9DrdEQ.5","action":"GetUpdates Response", "result":"Success", "context":Received 21 update(s). cV=qONJ5lU8sR7rJY0v9DrdEQ.0;server=akswtt021000059;cloudType=Consumer;environment=Prod_southindia_prod-s01-004-apac-southindia;migrationStage=NotStarted}
{"logTime": "1110/220618", "correlationVector":"2fYQ3V891Jpma/JlLzz5Jp","action":"Commit Request", "result":"", "context":Item count: 5
Contributing types: Sessions, Device Info, History}
{"logTime": "1110/220620", "correlationVector":"2fYQ3V891Jpma/JlLzz5Jp.1","action":"SyncServerConnectionManagerRequest", "result":"SYNC_SERVER_OK", "context":{"environment":"Prod_southindia_prod-s01-004-apac-southindia", "migrationStage":"NotStarted", "server":"akswtt02100000o"}}
{"logTime": "1110/220620", "correlationVector":"2fYQ3V891Jpma/JlLzz5Jp.2","action":"Commit Response", "result":"Success", "context":Result: Success. cV=2fYQ3V891Jpma/JlLzz5Jp.0;server=akswtt02100000o;cloudType=Consumer;environment=Prod_southindia_prod-s01-004-apac-southindia;migrationStage=NotStarted}
{"logTime": "1110/220720", "correlationVector":"6nJR6Vv5FLL6Y1qEM02wiu","action":"Commit Request", "result":"", "context":Item count: 6
Contributing types: Sessions, History}
{"logTime": "1110/220721", "correlationVector":"6nJR6Vv5FLL6Y1qEM02wiu.1","action":"SyncServerConnectionManagerRequest", "result":"SYNC_SERVER_OK", "context":{"environment":"Prod_southindia_prod-s01-004-apac-southindia", "migrationStage":"NotStarted", "server":"akswtt021000059"}}
{"logTime": "1110/220721", "correlationVector":"6nJR6Vv5FLL6Y1qEM02wiu.3","action":"Commit.Sessions", "result":"Success", "context":{"id":"4fe91722-24ee-42ef-8c00-f4dab63212e8", "isDeleted":"true", "size":"0", "version":"1762812379340"}}
{"logTime": "1110/220721", "correlationVector":"6nJR6Vv5FLL6Y1qEM02wiu.2","action":"Commit Response", "result":"Success", "context":Result: Success. cV=6nJR6Vv5FLL6Y1qEM02wiu.0;server=akswtt021000059;cloudType=Consumer;environment=Prod_southindia_prod-s01-004-apac-southindia;migrationStage=NotStarted}
{"logTime": "1110/220945", "correlationVector":"T9gnohlw0bhCLawdDJJrBr","action":"Commit Request", "result":"", "context":Item count: 1
Contributing types: Sessions}
{"logTime": "1110/220945", "correlationVector":"T9gnohlw0bhCLawdDJJrBr.1","action":"SyncServerConnectionManagerRequest", "result":"SYNC_SERVER_OK", "context":{"environment":"Prod_southindia_prod-s01-004-apac-southindia", "migrationStage":"NotStarted", "server":"akswtt02100002m"}}
{"logTime": "1110/220945", "correlationVector":"T9gnohlw0bhCLawdDJJrBr.2","action":"Commit Response", "result":"Success", "context":Result: Success. cV=T9gnohlw0bhCLawdDJJrBr.0;server=akswtt02100002m;cloudType=Consumer;environment=Prod_southindia_prod-s01-004-apac-southindia;migrationStage=NotStarted}
{"logTime": "1111/041901", "correlationVector":"d46tSOAwKT/uHvBUSLJyXe.1","action":"SyncServerConnectionManagerRequest", "result":"SYNC_SERVER_OK", "context":{"environment":"Prod_southindia_prod-s01-004-apac-southindia", "migrationStage":"NotStarted", "server":"akswtt021000019"}}
{"logTime": "1111/041901", "correlationVector":"d46tSOAwKT/uHvBUSLJyXe.2","action":"ProcessGetUpdates", "result":"Done", "context":{"dataType":"Encryption Keys", "deleted":"0", "process_failed_to_decrypt":"0", "process_pending_decryption":"0", "process_success":"1", "total":"1"}}
{"logTime": "1111/041902", "correlationVector":"3d/dyiR3DDa/SI3V9feqjy","action":"SyncServerConnectionManagerRequest", "result":"SYNC_SERVER_OK", "context":{"environment":"", "migrationStage":"", "server":""}}
{"logTime": "1111/041902", "correlationVector":"3d/dyiR3DDa/SI3V9feqjy.0","action":"EncryptionKeysFetcher.DownloadKeys:", "result":"Success", "context":Key count: 5, Last key timestamp: 2025-07-27T05:29:56Z}
{"logTime": "1111/041902", "correlationVector":"3d/dyiR3DDa/SI3V9feqjy.1","action":"EncryptionKeysManager::SetEncryptionKeys:", "result":"Success", "context":Key names[5]:[M53GCzqXgUmIcIHaCmR5PBdJ/zgR77+lggHrHftORxVNo3Rn3aFPbd/+uAMOLOOG6XoGPBoYeE/0gHQ1ikCIig==][zrxcvMrikdFp3WE2vqhXfilphfGUOuFGng2uBmRz90VnL1aILDNu9RuBP+6aeslLHtx7501Xk6N9AklKN786sw==][/WwaHH8oX8GGxhST6/LzBJ8mmhQbCy864O5/R4oay1J78Qa3jty18q2dpMOvcTntRDZZXix43ctVy4jZ4JVQIA==][jUV/XVASmg5ddl5q90z+SoNSHbKfwyq523Rlt9PJ86lSnZEmcmrFOwOA0FX4OrqAm9p8Vc974UQbzfioLUIzSA==][zUpK4Qjg1nRPPVAbnD2h8m/WkDU4KBT5n/pd71xk/xJQrhRSR3DDT2ctW057hT761583LwZAXydTS6K+clvkhw==]}
{"logTime": "1111/041902", "correlationVector":"3d/dyiR3DDa/SI3V9feqjy.2","action":"EncryptionKeysManager::SetEncryptionKeysWithTimestamps:", "result":"Success", "context":Key timestamps[5]:[2024-04-22T10:05:22Z][2024-10-24T12:24:24Z][2024-11-09T06:32:15Z][2025-05-09T04:56:41Z][2025-07-27T05:29:56Z]}
{"logTime": "1111/041902", "correlationVector":"d46tSOAwKT/uHvBUSLJyXe","action":"Initial GetUpdates", "result":"", "context":Reason: NEW_CLIENT. cV=d46tSOAwKT/uHvBUSLJyXe}
{"logTime": "1111/041902", "correlationVector":"d46tSOAwKT/uHvBUSLJyXe.3","action":"GetUpdates Response", "result":"Success", "context":Received 1 update(s). cV=d46tSOAwKT/uHvBUSLJyXe.0;server=akswtt021000019;cloudType=Consumer;environment=Prod_southindia_prod-s01-004-apac-southindia;migrationStage=NotStarted}
{"logTime": "1111/041902", "correlationVector":"FkaCSanec83mHAEWYPmer+","action":"Initial GetUpdates", "result":"", "context":Reason: NEWLY_SUPPORTED_DATATYPE. cV=FkaCSanec83mHAEWYPmer+}
{"logTime": "1111/041902", "correlationVector":"FkaCSanec83mHAEWYPmer+.1","action":"SyncServerConnectionManagerRequest", "result":"SYNC_SERVER_OK", "context":{"environment":"Prod_southindia_prod-s01-004-apac-southindia", "migrationStage":"NotStarted", "server":"akswtt02100000m"}}
{"logTime": "1111/041902", "correlationVector":"FkaCSanec83mHAEWYPmer+.2","action":"ProcessGetUpdates", "result":"Done", "context":{"dataType":"Passwords", "deleted":"0", "process_failed_to_decrypt":"0", "process_pending_decryption":"0", "process_success":"6", "total":"6"}}
{"logTime": "1111/041902", "correlationVector":"FkaCSanec83mHAEWYPmer+.3","action":"GetUpdates Response", "result":"Success", "context":Received 6 update(s). cV=FkaCSanec83mHAEWYPmer+.0;server=akswtt02100000m;cloudType=Consumer;environment=Prod_southindia_prod-s01-004-apac-southindia;migrationStage=NotStarted}
{"logTime": "1111/041902", "correlationVector":"2XhYngnJAj7j+tgHDtPVGr","action":"Normal GetUpdate request", "result":"", "context":cV=2XhYngnJAj7j+tgHDtPVGr
Nudged types: Sessions, Device Info, History
Refresh requested types: Bookmarks, Preferences, Passwords, Autofill Profiles, Autofill, Extensions, Sessions, Extension settings, History Delete Directives, Device Info, User Consents, Send Tab To Self, Web Apps, History, Saved Tab Group, WebAuthn Credentials, Collection, Edge E Drop, Edge Hub App Usage, Edge Wallet, Encryption Keys}
{"logTime": "1111/041902", "correlationVector":"2XhYngnJAj7j+tgHDtPVGr.1","action":"SyncServerConnectionManagerRequest", "result":"SYNC_SERVER_OK", "context":{"environment":"Prod_southindia_prod-s01-004-apac-southindia", "migrationStage":"NotStarted", "server":"akswtt02100001z"}}
{"logTime": "1111/041902", "correlationVector":"2XhYngnJAj7j+tgHDtPVGr.2","action":"ProcessGetUpdates", "result":"Done", "context":{"dataType":"Sessions", "deleted":"1", "process_failed_to_decrypt":"0", "process_pending_decryption":"0", "process_success":"3", "total":"3"}}
{"logTime": "1111/041902", "correlationVector":"2XhYngnJAj7j+tgHDtPVGr.3","action":"ProcessGetUpdates", "result":"Done", "context":{"dataType":"Device Info", "deleted":"0", "process_failed_to_decrypt":"0", "process_pending_decryption":"0", "process_success":"1", "total":"1"}}
{"logTime": "1111/041902", "correlationVector":"2XhYngnJAj7j+tgHDtPVGr.4","action":"ProcessGetUpdates", "result":"Done", "context":{"dataType":"History", "deleted":"0", "process_failed_to_decrypt":"0", "process_pending_decryption":"0", "process_success":"5", "total":"5"}}
{"logTime": "1111/041902", "correlationVector":"2XhYngnJAj7j+tgHDtPVGr.5","action":"GetUpdates Response", "result":"Success", "context":Received 9 update(s). cV=2XhYngnJAj7j+tgHDtPVGr.0;server=akswtt02100001z;cloudType=Consumer;environment=Prod_southindia_prod-s01-004-apac-southindia;migrationStage=NotStarted}
{"logTime": "1111/041902", "correlationVector":"Nniax3Jkzoi8VG3wzQJBJ+","action":"Commit Request", "result":"", "context":Item count: 5
Contributing types: Sessions, Device Info, History}
{"logTime": "1111/041904", "correlationVector":"Nniax3Jkzoi8VG3wzQJBJ+.1","action":"SyncServerConnectionManagerRequest", "result":"SYNC_SERVER_OK", "context":{"environment":"Prod_southindia_prod-s01-004-apac-southindia", "migrationStage":"NotStarted", "server":"akswtt021000022"}}
{"logTime": "1111/041904", "correlationVector":"Nniax3Jkzoi8VG3wzQJBJ+.3","action":"Commit.Sessions", "result":"Success", "context":{"id":"bc94704a-4461-408f-b89f-96d04ed617df", "isDeleted":"true", "size":"0", "version":"1762812585103"}}
{"logTime": "1111/041904", "correlationVector":"Nniax3Jkzoi8VG3wzQJBJ+.2","action":"Commit Response", "result":"Success", "context":Result: Success. cV=Nniax3Jkzoi8VG3wzQJBJ+.0;server=akswtt021000022;cloudType=Consumer;environment=Prod_southindia_prod-s01-004-apac-southindia;migrationStage=NotStarted}
{"logTime": "1111/042004", "correlationVector":"te/pXv6v4BdKZNwexK9VNI","action":"Commit Request", "result":"", "context":Item count: 3
Contributing types: Sessions, History}
{"logTime": "1111/042005", "correlationVector":"te/pXv6v4BdKZNwexK9VNI.1","action":"SyncServerConnectionManagerRequest", "result":"SYNC_SERVER_OK", "context":{"environment":"Prod_southindia_prod-s01-004-apac-southindia", "migrationStage":"NotStarted", "server":"akswtt02100002j"}}
{"logTime": "1111/042005", "correlationVector":"te/pXv6v4BdKZNwexK9VNI.2","action":"Commit Response", "result":"Success", "context":Result: Success. cV=te/pXv6v4BdKZNwexK9VNI.0;server=akswtt02100002j;cloudType=Consumer;environment=Prod_southindia_prod-s01-004-apac-southindia;migrationStage=NotStarted}
{"logTime": "1111/042453", "correlationVector":"oxIi8Ezx3aHRfaGfpR2/vi","action":"Commit Request", "result":"", "context":Item count: 4
Contributing types: Sessions, History}
{"logTime": "1111/042454", "correlationVector":"oxIi8Ezx3aHRfaGfpR2/vi.1","action":"SyncServerConnectionManagerRequest", "result":"SYNC_SERVER_OK", "context":{"environment":"Prod_southindia_prod-s01-004-apac-southindia", "migrationStage":"NotStarted", "server":"akswtt021000007"}}
{"logTime": "1111/042454", "correlationVector":"oxIi8Ezx3aHRfaGfpR2/vi.2","action":"Commit Response", "result":"Success", "context":Result: Success. cV=oxIi8Ezx3aHRfaGfpR2/vi.0;server=akswtt021000007;cloudType=Consumer;environment=Prod_southindia_prod-s01-004-apac-southindia;migrationStage=NotStarted}
{"logTime": "1111/042708", "correlationVector":"/Q8Wb8OwKxcZJrHIyL0wHO","action":"Commit Request", "result":"", "context":Item count: 1
Contributing types: Sessions}
{"logTime": "1111/042708", "correlationVector":"/Q8Wb8OwKxcZJrHIyL0wHO.1","action":"SyncServerConnectionManagerRequest", "result":"SYNC_SERVER_OK", "context":{"environment":"Prod_southindia_prod-s01-004-apac-southindia", "migrationStage":"NotStarted", "server":"akswtt02100002n"}}
{"logTime": "1111/042708", "correlationVector":"/Q8Wb8OwKxcZJrHIyL0wHO.2","action":"Commit Response", "result":"Success", "context":Result: Success. cV=/Q8Wb8OwKxcZJrHIyL0wHO.0;server=akswtt02100002n;cloudType=Consumer;environment=Prod_southindia_prod-s01-004-apac-southindia;migrationStage=NotStarted}
{"logTime": "1111/042831", "correlationVector":"NHRoTmWOgh2R0ykW4wWppW","action":"Commit Request", "result":"", "context":Item count: 1
Contributing types: Sessions}
{"logTime": "1111/042832", "correlationVector":"NHRoTmWOgh2R0ykW4wWppW.1","action":"SyncServerConnectionManagerRequest", "result":"SYNC_SERVER_OK", "context":{"environment":"Prod_southindia_prod-s01-004-apac-southindia", "migrationStage":"NotStarted", "server":"akswtt02100001t"}}
{"logTime": "1111/042832", "correlationVector":"NHRoTmWOgh2R0ykW4wWppW.2","action":"Commit Response", "result":"Success", "context":Result: Success. cV=NHRoTmWOgh2R0ykW4wWppW.0;server=akswtt02100001t;cloudType=Consumer;environment=Prod_southindia_prod-s01-004-apac-southindia;migrationStage=NotStarted}
{"logTime": "1111/043220", "correlationVector":"CpYnWudLWKeNQ5GGXxb75m","action":"Commit Request", "result":"", "context":Item count: 1
Contributing types: Sessions}
{"logTime": "1111/043220", "correlationVector":"CpYnWudLWKeNQ5GGXxb75m.1","action":"SyncServerConnectionManagerRequest", "result":"SYNC_SERVER_OK", "context":{"environment":"Prod_southindia_prod-s01-004-apac-southindia", "migrationStage":"NotStarted", "server":"akswtt02100002u"}}
{"logTime": "1111/043220", "correlationVector":"CpYnWudLWKeNQ5GGXxb75m.2","action":"Commit Response", "result":"Success", "context":Result: Success. cV=CpYnWudLWKeNQ5GGXxb75m.0;server=akswtt02100002u;cloudType=Consumer;environment=Prod_southindia_prod-s01-004-apac-southindia;migrationStage=NotStarted}
{"logTime": "1111/044150", "correlationVector":"bLNkudKBaNB/bULBicZxQ2","action":"Poll GetUpdate request", "result":"", "context":cV=bLNkudKBaNB/bULBicZxQ2}
{"logTime": "1111/044151", "correlationVector":"bLNkudKBaNB/bULBicZxQ2.1","action":"SyncServerConnectionManagerRequest", "result":"SYNC_SERVER_OK", "context":{"environment":"Prod_southindia_prod-s01-004-apac-southindia", "migrationStage":"NotStarted", "server":"akswtt021000003"}}
{"logTime": "1111/044151", "correlationVector":"bLNkudKBaNB/bULBicZxQ2.2","action":"ProcessGetUpdates", "result":"Done", "context":{"dataType":"Sessions", "deleted":"1", "process_failed_to_decrypt":"0", "process_pending_decryption":"0", "process_success":"3", "total":"3"}}
{"logTime": "1111/044151", "correlationVector":"bLNkudKBaNB/bULBicZxQ2.3","action":"ProcessGetUpdates", "result":"Done", "context":{"dataType":"Device Info", "deleted":"0", "process_failed_to_decrypt":"0", "process_pending_decryption":"0", "process_success":"1", "total":"1"}}
{"logTime": "1111/044151", "correlationVector":"bLNkudKBaNB/bULBicZxQ2.4","action":"ProcessGetUpdates", "result":"Done", "context":{"dataType":"History", "deleted":"0", "process_failed_to_decrypt":"0", "process_pending_decryption":"0", "process_success":"5", "total":"5"}}
{"logTime": "1111/044151", "correlationVector":"bLNkudKBaNB/bULBicZxQ2.5","action":"GetUpdates Response", "result":"Success", "context":Received 9 update(s). cV=bLNkudKBaNB/bULBicZxQ2.0;server=akswtt021000003;cloudType=Consumer;environment=Prod_southindia_prod-s01-004-apac-southindia;migrationStage=NotStarted}
{"logTime": "1111/050901", "correlationVector":"URjGnEBg2JNygokDO9lPue","action":"Commit Request", "result":"", "context":Item count: 3
Contributing types: Sessions, History}
{"logTime": "1111/050902", "correlationVector":"URjGnEBg2JNygokDO9lPue.1","action":"SyncServerConnectionManagerRequest", "result":"SYNC_SERVER_OK", "context":{"environment":"Prod_southindia_prod-s01-004-apac-southindia", "migrationStage":"NotStarted", "server":"akswtt021000056"}}
{"logTime": "1111/050902", "correlationVector":"URjGnEBg2JNygokDO9lPue.2","action":"Commit Response", "result":"Success", "context":Result: Success. cV=URjGnEBg2JNygokDO9lPue.0;server=akswtt021000056;cloudType=Consumer;environment=Prod_southindia_prod-s01-004-apac-southindia;migrationStage=NotStarted}
{"logTime": "1111/052532", "correlationVector":"67rjHJ4FPSAv/B3L8k8fYl","action":"Commit Request", "result":"", "context":Item count: 4
Contributing types: Sessions, History}
{"logTime": "1111/052534", "correlationVector":"67rjHJ4FPSAv/B3L8k8fYl.1","action":"SyncServerConnectionManagerRequest", "result":"SYNC_SERVER_OK", "context":{"environment":"Prod_southindia_prod-s01-004-apac-southindia", "migrationStage":"NotStarted", "server":"akswtt02100004i"}}
{"logTime": "1111/052534", "correlationVector":"67rjHJ4FPSAv/B3L8k8fYl.2","action":"Commit Response", "result":"Success", "context":Result: Success. cV=67rjHJ4FPSAv/B3L8k8fYl.0;server=akswtt02100004i;cloudType=Consumer;environment=Prod_southindia_prod-s01-004-apac-southindia;migrationStage=NotStarted}
{"logTime": "1111/052718", "correlationVector":"IK6LZ48ExzRu1fhhPC8Mv3","action":"Commit Request", "result":"", "context":Item count: 1
Contributing types: Sessions}
{"logTime": "1111/052718", "correlationVector":"IK6LZ48ExzRu1fhhPC8Mv3.1","action":"SyncServerConnectionManagerRequest", "result":"SYNC_SERVER_OK", "context":{"environment":"Prod_southindia_prod-s01-004-apac-southindia", "migrationStage":"NotStarted", "server":"akswtt02100002i"}}
{"logTime": "1111/052718", "correlationVector":"IK6LZ48ExzRu1fhhPC8Mv3.2","action":"Commit Response", "result":"Success", "context":Result: Success. cV=IK6LZ48ExzRu1fhhPC8Mv3.0;server=akswtt02100002i;cloudType=Consumer;environment=Prod_southindia_prod-s01-004-apac-southindia;migrationStage=NotStarted}
{"logTime": "1111/053516", "correlationVector":"WxiQiMSJFQWFB4d3+R9MvP","action":"Commit Request", "result":"", "context":Item count: 1
Contributing types: Sessions}
{"logTime": "1111/053516", "correlationVector":"WxiQiMSJFQWFB4d3+R9MvP.1","action":"SyncServerConnectionManagerRequest", "result":"SYNC_SERVER_OK", "context":{"environment":"Prod_southindia_prod-s01-004-apac-southindia", "migrationStage":"NotStarted", "server":"akswtt02100004u"}}
{"logTime": "1111/053516", "correlationVector":"WxiQiMSJFQWFB4d3+R9MvP.2","action":"Commit Response", "result":"Success", "context":Result: Success. cV=WxiQiMSJFQWFB4d3+R9MvP.0;server=akswtt02100004u;cloudType=Consumer;environment=Prod_southindia_prod-s01-004-apac-southindia;migrationStage=NotStarted}
{"logTime": "1111/054226", "correlationVector":"vTQ6qXGlamcAA5AMZVVON5","action":"Commit Request", "result":"", "context":Item count: 4
Contributing types: Sessions, History}
{"logTime": "1111/054227", "correlationVector":"vTQ6qXGlamcAA5AMZVVON5.1","action":"SyncServerConnectionManagerRequest", "result":"SYNC_SERVER_OK", "context":{"environment":"Prod_southindia_prod-s01-004-apac-southindia", "migrationStage":"NotStarted", "server":"akswtt02100002h"}}
{"logTime": "1111/054227", "correlationVector":"vTQ6qXGlamcAA5AMZVVON5.2","action":"Commit Response", "result":"Success", "context":Result: Success. cV=vTQ6qXGlamcAA5AMZVVON5.0;server=akswtt02100002h;cloudType=Consumer;environment=Prod_southindia_prod-s01-004-apac-southindia;migrationStage=NotStarted}
{"logTime": "1111/055213", "correlationVector":"3fxVCka5RqtsCw8e+ovYZs","action":"Commit Request", "result":"", "context":Item count: 1
Contributing types: Sessions}
{"logTime": "1111/055213", "correlationVector":"3fxVCka5RqtsCw8e+ovYZs.1","action":"SyncServerConnectionManagerRequest", "result":"SYNC_SERVER_OK", "context":{"environment":"Prod_southindia_prod-s01-004-apac-southindia", "migrationStage":"NotStarted", "server":"akswtt02100004t"}}
{"logTime": "1111/055213", "correlationVector":"3fxVCka5RqtsCw8e+ovYZs.2","action":"Commit Response", "result":"Success", "context":Result: Success. cV=3fxVCka5RqtsCw8e+ovYZs.0;server=akswtt02100004t;cloudType=Consumer;environment=Prod_southindia_prod-s01-004-apac-southindia;migrationStage=NotStarted}
{"logTime": "1111/055445", "correlationVector":"i3RYce6Ij7m9SJTkfc4rzw","action":"Commit Request", "result":"", "context":Item count: 4
Contributing types: Sessions, History}
{"logTime": "1111/055447", "correlationVector":"i3RYce6Ij7m9SJTkfc4rzw.1","action":"SyncServerConnectionManagerRequest", "result":"SYNC_SERVER_OK", "context":{"environment":"Prod_southindia_prod-s01-004-apac-southindia", "migrationStage":"NotStarted", "server":"akswtt02100000m"}}
{"logTime": "1111/055447", "correlationVector":"i3RYce6Ij7m9SJTkfc4rzw.2","action":"Commit Response", "result":"Success", "context":Result: Success. cV=i3RYce6Ij7m9SJTkfc4rzw.0;server=akswtt02100000m;cloudType=Consumer;environment=Prod_southindia_prod-s01-004-apac-southindia;migrationStage=NotStarted}
{"logTime": "1111/060930", "correlationVector":"r51BgocX6kULvzQhjkadFh","action":"Commit Request", "result":"", "context":Item count: 4
Contributing types: Sessions, History}
{"logTime": "1111/060931", "correlationVector":"r51BgocX6kULvzQhjkadFh.1","action":"SyncServerConnectionManagerRequest", "result":"SYNC_SERVER_OK", "context":{"environment":"Prod_southindia_prod-s01-004-apac-southindia", "migrationStage":"NotStarted", "server":"akswtt02100001l"}}
{"logTime": "1111/060931", "correlationVector":"r51BgocX6kULvzQhjkadFh.2","action":"Commit Response", "result":"Success", "context":Result: Success. cV=r51BgocX6kULvzQhjkadFh.0;server=akswtt02100001l;cloudType=Consumer;environment=Prod_southindia_prod-s01-004-apac-southindia;migrationStage=NotStarted}
{"logTime": "1111/064149", "correlationVector":"/jXYKuOw+EqC4LaBusZWMl","action":"Commit Request", "result":"", "context":Item count: 1
Contributing types: Sessions}
{"logTime": "1111/064149", "correlationVector":"/jXYKuOw+EqC4LaBusZWMl.1","action":"SyncServerConnectionManagerRequest", "result":"SYNC_SERVER_OK", "context":{"environment":"Prod_southindia_prod-s01-004-apac-southindia", "migrationStage":"NotStarted", "server":"akswtt02100002j"}}
{"logTime": "1111/064149", "correlationVector":"/jXYKuOw+EqC4LaBusZWMl.2","action":"Commit Response", "result":"Success", "context":Result: Success. cV=/jXYKuOw+EqC4LaBusZWMl.0;server=akswtt02100002j;cloudType=Consumer;environment=Prod_southindia_prod-s01-004-apac-southindia;migrationStage=NotStarted}
{"logTime": "1111/064332", "correlationVector":"hYxymdOURQ8nFYkeeUTE+Q","action":"Commit Request", "result":"", "context":Item count: 1
Contributing types: Sessions}
{"logTime": "1111/064332", "correlationVector":"hYxymdOURQ8nFYkeeUTE+Q.1","action":"SyncServerConnectionManagerRequest", "result":"SYNC_SERVER_OK", "context":{"environment":"Prod_southindia_prod-s01-004-apac-southindia", "migrationStage":"NotStarted", "server":"akswtt021000058"}}
{"logTime": "1111/064332", "correlationVector":"hYxymdOURQ8nFYkeeUTE+Q.2","action":"Commit Response", "result":"Success", "context":Result: Success. cV=hYxymdOURQ8nFYkeeUTE+Q.0;server=akswtt021000058;cloudType=Consumer;environment=Prod_southindia_prod-s01-004-apac-southindia;migrationStage=NotStarted}
{"logTime": "1111/071258", "correlationVector":"nM4jGBo/lYHLfAfcecGmDY","action":"Commit Request", "result":"", "context":Item count: 4
Contributing types: Sessions, History}
{"logTime": "1111/071259", "correlationVector":"nM4jGBo/lYHLfAfcecGmDY.1","action":"SyncServerConnectionManagerRequest", "result":"SYNC_SERVER_OK", "context":{"environment":"Prod_southindia_prod-s01-004-apac-southindia", "migrationStage":"NotStarted", "server":"akswtt02100000e"}}
{"logTime": "1111/071259", "correlationVector":"nM4jGBo/lYHLfAfcecGmDY.2","action":"Commit Response", "result":"Success", "context":Result: Success. cV=nM4jGBo/lYHLfAfcecGmDY.0;server=akswtt02100000e;cloudType=Consumer;environment=Prod_southindia_prod-s01-004-apac-southindia;migrationStage=NotStarted}
{"logTime": "1111/071627", "correlationVector":"amATqvM+VJaj1vIQ5C8O2r","action":"Commit Request", "result":"", "context":Item count: 1
Contributing types: Sessions}
{"logTime": "1111/071628", "correlationVector":"amATqvM+VJaj1vIQ5C8O2r.1","action":"SyncServerConnectionManagerRequest", "result":"SYNC_SERVER_OK", "context":{"environment":"Prod_southindia_prod-s01-004-apac-southindia", "migrationStage":"NotStarted", "server":"akswtt02100001d"}}
{"logTime": "1111/071628", "correlationVector":"amATqvM+VJaj1vIQ5C8O2r.2","action":"Commit Response", "result":"Success", "context":Result: Success. cV=amATqvM+VJaj1vIQ5C8O2r.0;server=akswtt02100001d;cloudType=Consumer;environment=Prod_southindia_prod-s01-004-apac-southindia;migrationStage=NotStarted}
{"logTime": "1111/075522", "correlationVector":"JE54mNNVUgC1mcQRO+K41T","action":"Commit Request", "result":"", "context":Item count: 4
Contributing types: Sessions, History}
{"logTime": "1111/075524", "correlationVector":"JE54mNNVUgC1mcQRO+K41T.1","action":"SyncServerConnectionManagerRequest", "result":"SYNC_SERVER_OK", "context":{"environment":"Prod_southindia_prod-s01-004-apac-southindia", "migrationStage":"NotStarted", "server":"akswtt021000058"}}
{"logTime": "1111/075524", "correlationVector":"JE54mNNVUgC1mcQRO+K41T.2","action":"Commit Response", "result":"Success", "context":Result: Success. cV=JE54mNNVUgC1mcQRO+K41T.0;server=akswtt021000058;cloudType=Consumer;environment=Prod_southindia_prod-s01-004-apac-southindia;migrationStage=NotStarted}
{"logTime": "1111/110804", "correlationVector":"ImmN4LReGq2jYXDATsp8hq.1","action":"SyncServerConnectionManagerRequest", "result":"SYNC_SERVER_OK", "context":{"environment":"Prod_southindia_prod-s01-004-apac-southindia", "migrationStage":"NotStarted", "server":"akswtt021000029"}}
{"logTime": "1111/110804", "correlationVector":"ImmN4LReGq2jYXDATsp8hq.2","action":"ProcessGetUpdates", "result":"Done", "context":{"dataType":"Encryption Keys", "deleted":"0", "process_failed_to_decrypt":"0", "process_pending_decryption":"0", "process_success":"1", "total":"1"}}
{"logTime": "1111/110804", "correlationVector":"0id7sxmrtGxyxhE+1WxA94","action":"SyncServerConnectionManagerRequest", "result":"SYNC_SERVER_OK", "context":{"environment":"", "migrationStage":"", "server":""}}
{"logTime": "1111/110804", "correlationVector":"0id7sxmrtGxyxhE+1WxA94.0","action":"EncryptionKeysFetcher.DownloadKeys:", "result":"Success", "context":Key count: 5, Last key timestamp: 2025-07-27T05:29:56Z}
{"logTime": "1111/110804", "correlationVector":"0id7sxmrtGxyxhE+1WxA94.1","action":"EncryptionKeysManager::SetEncryptionKeys:", "result":"Success", "context":Key names[5]:[M53GCzqXgUmIcIHaCmR5PBdJ/zgR77+lggHrHftORxVNo3Rn3aFPbd/+uAMOLOOG6XoGPBoYeE/0gHQ1ikCIig==][zrxcvMrikdFp3WE2vqhXfilphfGUOuFGng2uBmRz90VnL1aILDNu9RuBP+6aeslLHtx7501Xk6N9AklKN786sw==][/WwaHH8oX8GGxhST6/LzBJ8mmhQbCy864O5/R4oay1J78Qa3jty18q2dpMOvcTntRDZZXix43ctVy4jZ4JVQIA==][jUV/XVASmg5ddl5q90z+SoNSHbKfwyq523Rlt9PJ86lSnZEmcmrFOwOA0FX4OrqAm9p8Vc974UQbzfioLUIzSA==][zUpK4Qjg1nRPPVAbnD2h8m/WkDU4KBT5n/pd71xk/xJQrhRSR3DDT2ctW057hT761583LwZAXydTS6K+clvkhw==]}
{"logTime": "1111/110804", "correlationVector":"0id7sxmrtGxyxhE+1WxA94.2","action":"EncryptionKeysManager::SetEncryptionKeysWithTimestamps:", "result":"Success", "context":Key timestamps[5]:[2024-04-22T10:05:22Z][2024-10-24T12:24:24Z][2024-11-09T06:32:15Z][2025-05-09T04:56:41Z][2025-07-27T05:29:56Z]}
{"logTime": "1111/110804", "correlationVector":"ImmN4LReGq2jYXDATsp8hq","action":"Initial GetUpdates", "result":"", "context":Reason: NEW_CLIENT. cV=ImmN4LReGq2jYXDATsp8hq}
{"logTime": "1111/110804", "correlationVector":"ImmN4LReGq2jYXDATsp8hq.3","action":"GetUpdates Response", "result":"Success", "context":Received 1 update(s). cV=ImmN4LReGq2jYXDATsp8hq.0;server=akswtt021000029;cloudType=Consumer;environment=Prod_southindia_prod-s01-004-apac-southindia;migrationStage=NotStarted}
{"logTime": "1111/110804", "correlationVector":"7T0MrTzVv2cXvmXqMT2hxo","action":"Initial GetUpdates", "result":"", "context":Reason: NEWLY_SUPPORTED_DATATYPE. cV=7T0MrTzVv2cXvmXqMT2hxo}
{"logTime": "1111/110805", "correlationVector":"7T0MrTzVv2cXvmXqMT2hxo.1","action":"SyncServerConnectionManagerRequest", "result":"SYNC_SERVER_OK", "context":{"environment":"Prod_southindia_prod-s01-004-apac-southindia", "migrationStage":"NotStarted", "server":"akswtt02100001q"}}
{"logTime": "1111/110805", "correlationVector":"7T0MrTzVv2cXvmXqMT2hxo.2","action":"ProcessGetUpdates", "result":"Done", "context":{"dataType":"Passwords", "deleted":"0", "process_failed_to_decrypt":"0", "process_pending_decryption":"0", "process_success":"6", "total":"6"}}
{"logTime": "1111/110805", "correlationVector":"7T0MrTzVv2cXvmXqMT2hxo.3","action":"GetUpdates Response", "result":"Success", "context":Received 6 update(s). cV=7T0MrTzVv2cXvmXqMT2hxo.0;server=akswtt02100001q;cloudType=Consumer;environment=Prod_southindia_prod-s01-004-apac-southindia;migrationStage=NotStarted}
{"logTime": "1111/110805", "correlationVector":"ScGyCHzSb2JoTM2yM/Q9GQ","action":"Normal GetUpdate request", "result":"", "context":cV=ScGyCHzSb2JoTM2yM/Q9GQ
Nudged types: Sessions, Device Info, History
Refresh requested types: Bookmarks, Preferences, Passwords, Autofill Profiles, Autofill, Extensions, Sessions, Extension settings, History Delete Directives, Device Info, User Consents, Send Tab To Self, Web Apps, History, Saved Tab Group, WebAuthn Credentials, Collection, Edge E Drop, Edge Hub App Usage, Edge Wallet, Encryption Keys}
{"logTime": "1111/110806", "correlationVector":"ScGyCHzSb2JoTM2yM/Q9GQ.1","action":"SyncServerConnectionManagerRequest", "result":"SYNC_SERVER_OK", "context":{"environment":"Prod_southindia_prod-s01-004-apac-southindia", "migrationStage":"NotStarted", "server":"akswtt02100000e"}}
{"logTime": "1111/110806", "correlationVector":"ScGyCHzSb2JoTM2yM/Q9GQ.2","action":"ProcessGetUpdates", "result":"Done", "context":{"dataType":"Sessions", "deleted":"0", "process_failed_to_decrypt":"0", "process_pending_decryption":"0", "process_success":"2", "total":"2"}}
{"logTime": "1111/110806", "correlationVector":"ScGyCHzSb2JoTM2yM/Q9GQ.3","action":"ProcessGetUpdates", "result":"Done", "context":{"dataType":"Device Info", "deleted":"0", "process_failed_to_decrypt":"0", "process_pending_decryption":"0", "process_success":"1", "total":"1"}}
{"logTime": "1111/110806", "correlationVector":"ScGyCHzSb2JoTM2yM/Q9GQ.4","action":"ProcessGetUpdates", "result":"Done", "context":{"dataType":"History", "deleted":"0", "process_failed_to_decrypt":"0", "process_pending_decryption":"0", "process_success":"30", "total":"30"}}
{"logTime": "1111/110806", "correlationVector":"ScGyCHzSb2JoTM2yM/Q9GQ.5","action":"GetUpdates Response", "result":"Success", "context":Received 33 update(s). cV=ScGyCHzSb2JoTM2yM/Q9GQ.0;server=akswtt02100000e;cloudType=Consumer;environment=Prod_southindia_prod-s01-004-apac-southindia;migrationStage=NotStarted}
{"logTime": "1111/110907", "correlationVector":"aTOykWqAp8T/N/0gmMHg94","action":"Commit Request", "result":"", "context":Item count: 4
Contributing types: Sessions, History}
{"logTime": "1111/110908", "correlationVector":"aTOykWqAp8T/N/0gmMHg94.1","action":"SyncServerConnectionManagerRequest", "result":"SYNC_SERVER_OK", "context":{"environment":"Prod_southindia_prod-s01-004-apac-southindia", "migrationStage":"NotStarted", "server":"akswtt02100004y"}}
{"logTime": "1111/110908", "correlationVector":"aTOykWqAp8T/N/0gmMHg94.2","action":"Commit Response", "result":"Success", "context":Result: Success. cV=aTOykWqAp8T/N/0gmMHg94.0;server=akswtt02100004y;cloudType=Consumer;environment=Prod_southindia_prod-s01-004-apac-southindia;migrationStage=NotStarted}
{"logTime": "1111/112024", "correlationVector":"Ei7dSaPZnEbHSzj9HAmFgR","action":"Commit Request", "result":"", "context":Item count: 1
Contributing types: Sessions}
{"logTime": "1111/112024", "correlationVector":"Ei7dSaPZnEbHSzj9HAmFgR.1","action":"SyncServerConnectionManagerRequest", "result":"SYNC_SERVER_OK", "context":{"environment":"Prod_southeastasia_prod-s01-064-apac-southeastasia", "migrationStage":"NotStarted", "server":"akswtt10600000x"}}
{"logTime": "1111/112024", "correlationVector":"Ei7dSaPZnEbHSzj9HAmFgR.2","action":"Commit Response", "result":"Success", "context":Result: Success. cV=Ei7dSaPZnEbHSzj9HAmFgR.0;server=akswtt10600000x;cloudType=Consumer;environment=Prod_southeastasia_prod-s01-064-apac-southeastasia;migrationStage=NotStarted}
{"logTime": "1111/113059", "correlationVector":"eY0KsovKavcrdjv4Nj6/Hu","action":"Commit Request", "result":"", "context":Item count: 1
Contributing types: Sessions}
{"logTime": "1111/113100", "correlationVector":"eY0KsovKavcrdjv4Nj6/Hu.1","action":"SyncServerConnectionManagerRequest", "result":"SYNC_SERVER_OK", "context":{"environment":"Prod_southindia_prod-s01-004-apac-southindia", "migrationStage":"NotStarted", "server":"akswtt02100000p"}}
{"logTime": "1111/113100", "correlationVector":"eY0KsovKavcrdjv4Nj6/Hu.2","action":"Commit Response", "result":"Success", "context":Result: Success. cV=eY0KsovKavcrdjv4Nj6/Hu.0;server=akswtt02100000p;cloudType=Consumer;environment=Prod_southindia_prod-s01-004-apac-southindia;migrationStage=NotStarted}
{"logTime": "1111/114107", "correlationVector":"pwLiDNSQDwk9zoVFO2yhYq","action":"Commit Request", "result":"", "context":Item count: 1
Contributing types: Sessions}
{"logTime": "1111/114108", "correlationVector":"pwLiDNSQDwk9zoVFO2yhYq.1","action":"SyncServerConnectionManagerRequest", "result":"SYNC_SERVER_OK", "context":{"environment":"Prod_southindia_prod-s01-004-apac-southindia", "migrationStage":"NotStarted", "server":"akswtt02100002k"}}
{"logTime": "1111/114108", "correlationVector":"pwLiDNSQDwk9zoVFO2yhYq.2","action":"Commit Response", "result":"Success", "context":Result: Success. cV=pwLiDNSQDwk9zoVFO2yhYq.0;server=akswtt02100002k;cloudType=Consumer;environment=Prod_southindia_prod-s01-004-apac-southindia;migrationStage=NotStarted}
{"logTime": "1111/115531", "correlationVector":"NgU6KKabS5/ywTNGaLXVjA","action":"Commit Request", "result":"", "context":Item count: 1
Contributing types: Sessions}
{"logTime": "1111/115532", "correlationVector":"NgU6KKabS5/ywTNGaLXVjA.1","action":"SyncServerConnectionManagerRequest", "result":"SYNC_SERVER_OK", "context":{"environment":"Prod_southindia_prod-s01-004-apac-southindia", "migrationStage":"NotStarted", "server":"akswtt02100001x"}}
{"logTime": "1111/115532", "correlationVector":"NgU6KKabS5/ywTNGaLXVjA.2","action":"Commit Response", "result":"Success", "context":Result: Success. cV=NgU6KKabS5/ywTNGaLXVjA.0;server=akswtt02100001x;cloudType=Consumer;environment=Prod_southindia_prod-s01-004-apac-southindia;migrationStage=NotStarted}
{"logTime": "1111/133149", "correlationVector":"fS/3AG692T0u+M+WniJnFq.1","action":"SyncServerConnectionManagerRequest", "result":"SYNC_SERVER_OK", "context":{"environment":"Prod_southindia_prod-s01-004-apac-southindia", "migrationStage":"NotStarted", "server":"akswtt02100002o"}}
{"logTime": "1111/133149", "correlationVector":"fS/3AG692T0u+M+WniJnFq.2","action":"ProcessGetUpdates", "result":"Done", "context":{"dataType":"Encryption Keys", "deleted":"0", "process_failed_to_decrypt":"0", "process_pending_decryption":"0", "process_success":"1", "total":"1"}}
{"logTime": "1111/133149", "correlationVector":"DyfQGv292tgfFnID16YCVQ","action":"SyncServerConnectionManagerRequest", "result":"SYNC_SERVER_OK", "context":{"environment":"", "migrationStage":"", "server":""}}
{"logTime": "1111/133149", "correlationVector":"DyfQGv292tgfFnID16YCVQ.0","action":"EncryptionKeysFetcher.DownloadKeys:", "result":"Success", "context":Key count: 5, Last key timestamp: 2025-07-27T05:29:56Z}
{"logTime": "1111/133149", "correlationVector":"DyfQGv292tgfFnID16YCVQ.1","action":"EncryptionKeysManager::SetEncryptionKeys:", "result":"Success", "context":Key names[5]:[M53GCzqXgUmIcIHaCmR5PBdJ/zgR77+lggHrHftORxVNo3Rn3aFPbd/+uAMOLOOG6XoGPBoYeE/0gHQ1ikCIig==][zrxcvMrikdFp3WE2vqhXfilphfGUOuFGng2uBmRz90VnL1aILDNu9RuBP+6aeslLHtx7501Xk6N9AklKN786sw==][/WwaHH8oX8GGxhST6/LzBJ8mmhQbCy864O5/R4oay1J78Qa3jty18q2dpMOvcTntRDZZXix43ctVy4jZ4JVQIA==][jUV/XVASmg5ddl5q90z+SoNSHbKfwyq523Rlt9PJ86lSnZEmcmrFOwOA0FX4OrqAm9p8Vc974UQbzfioLUIzSA==][zUpK4Qjg1nRPPVAbnD2h8m/WkDU4KBT5n/pd71xk/xJQrhRSR3DDT2ctW057hT761583LwZAXydTS6K+clvkhw==]}
{"logTime": "1111/133149", "correlationVector":"DyfQGv292tgfFnID16YCVQ.2","action":"EncryptionKeysManager::SetEncryptionKeysWithTimestamps:", "result":"Success", "context":Key timestamps[5]:[2024-04-22T10:05:22Z][2024-10-24T12:24:24Z][2024-11-09T06:32:15Z][2025-05-09T04:56:41Z][2025-07-27T05:29:56Z]}
{"logTime": "1111/133149", "correlationVector":"fS/3AG692T0u+M+WniJnFq","action":"Initial GetUpdates", "result":"", "context":Reason: NEW_CLIENT. cV=fS/3AG692T0u+M+WniJnFq}
{"logTime": "1111/133149", "correlationVector":"fS/3AG692T0u+M+WniJnFq.3","action":"GetUpdates Response", "result":"Success", "context":Received 1 update(s). cV=fS/3AG692T0u+M+WniJnFq.0;server=akswtt02100002o;cloudType=Consumer;environment=Prod_southindia_prod-s01-004-apac-southindia;migrationStage=NotStarted}
{"logTime": "1111/133149", "correlationVector":"JMN1+L+wCg0PAHeEnstp0D","action":"Initial GetUpdates", "result":"", "context":Reason: NEWLY_SUPPORTED_DATATYPE. cV=JMN1+L+wCg0PAHeEnstp0D}
{"logTime": "1111/133150", "correlationVector":"JMN1+L+wCg0PAHeEnstp0D.1","action":"SyncServerConnectionManagerRequest", "result":"SYNC_SERVER_OK", "context":{"environment":"Prod_southindia_prod-s01-004-apac-southindia", "migrationStage":"NotStarted", "server":"akswtt02100004i"}}
{"logTime": "1111/133150", "correlationVector":"JMN1+L+wCg0PAHeEnstp0D.2","action":"ProcessGetUpdates", "result":"Done", "context":{"dataType":"Passwords", "deleted":"0", "process_failed_to_decrypt":"0", "process_pending_decryption":"0", "process_success":"6", "total":"6"}}
{"logTime": "1111/133150", "correlationVector":"JMN1+L+wCg0PAHeEnstp0D.3","action":"GetUpdates Response", "result":"Success", "context":Received 6 update(s). cV=JMN1+L+wCg0PAHeEnstp0D.0;server=akswtt02100004i;cloudType=Consumer;environment=Prod_southindia_prod-s01-004-apac-southindia;migrationStage=NotStarted}
{"logTime": "1111/133150", "correlationVector":"mFq8vojRrb3XfMFvRt3tZL","action":"Normal GetUpdate request", "result":"", "context":cV=mFq8vojRrb3XfMFvRt3tZL
Nudged types: Sessions, Device Info, History
Refresh requested types: Bookmarks, Preferences, Passwords, Autofill Profiles, Autofill, Extensions, Sessions, Extension settings, History Delete Directives, Device Info, User Consents, Send Tab To Self, Web Apps, History, Saved Tab Group, WebAuthn Credentials, Collection, Edge E Drop, Edge Hub App Usage, Edge Wallet, Encryption Keys}
{"logTime": "1111/133150", "correlationVector":"mFq8vojRrb3XfMFvRt3tZL.1","action":"SyncServerConnectionManagerRequest", "result":"SYNC_SERVER_OK", "context":{"environment":"Prod_southindia_prod-s01-004-apac-southindia", "migrationStage":"NotStarted", "server":"akswtt021000014"}}
{"logTime": "1111/133150", "correlationVector":"mFq8vojRrb3XfMFvRt3tZL.2","action":"ProcessGetUpdates", "result":"Done", "context":{"dataType":"Sessions", "deleted":"0", "process_failed_to_decrypt":"0", "process_pending_decryption":"0", "process_success":"2", "total":"2"}}
{"logTime": "1111/133150", "correlationVector":"mFq8vojRrb3XfMFvRt3tZL.3","action":"ProcessGetUpdates", "result":"Done", "context":{"dataType":"History", "deleted":"0", "process_failed_to_decrypt":"0", "process_pending_decryption":"0", "process_success":"2", "total":"2"}}
{"logTime": "1111/133150", "correlationVector":"mFq8vojRrb3XfMFvRt3tZL.4","action":"GetUpdates Response", "result":"Success", "context":Received 4 update(s). cV=mFq8vojRrb3XfMFvRt3tZL.0;server=akswtt021000014;cloudType=Consumer;environment=Prod_southindia_prod-s01-004-apac-southindia;migrationStage=NotStarted}
{"logTime": "1111/133150", "correlationVector":"T0zRK88aXO42iSCB2rs1Go","action":"Commit Request", "result":"", "context":Item count: 5
Contributing types: Sessions, Device Info, History}
{"logTime": "1111/133151", "correlationVector":"T0zRK88aXO42iSCB2rs1Go.1","action":"SyncServerConnectionManagerRequest", "result":"SYNC_SERVER_OK", "context":{"environment":"Prod_southindia_prod-s01-004-apac-southindia", "migrationStage":"NotStarted", "server":"akswtt02100002p"}}
{"logTime": "1111/133151", "correlationVector":"T0zRK88aXO42iSCB2rs1Go.3","action":"Commit.Sessions", "result":"Success", "context":{"id":"896020c3-6146-498e-9343-3de5c5ecae4d", "isDeleted":"true", "size":"0", "version":"1762862131817"}}
{"logTime": "1111/133151", "correlationVector":"T0zRK88aXO42iSCB2rs1Go.2","action":"Commit Response", "result":"Success", "context":Result: Success. cV=T0zRK88aXO42iSCB2rs1Go.0;server=akswtt02100002p;cloudType=Consumer;environment=Prod_southindia_prod-s01-004-apac-southindia;migrationStage=NotStarted}
{"logTime": "1111/133151", "correlationVector":"4Zj6oQZwBUU+9OyCVlWYKT","action":"Poll GetUpdate request", "result":"", "context":cV=4Zj6oQZwBUU+9OyCVlWYKT}
{"logTime": "1111/133152", "correlationVector":"4Zj6oQZwBUU+9OyCVlWYKT.1","action":"SyncServerConnectionManagerRequest", "result":"SYNC_SERVER_OK", "context":{"environment":"Prod_southindia_prod-s01-004-apac-southindia", "migrationStage":"NotStarted", "server":"akswtt021000048"}}
{"logTime": "1111/133152", "correlationVector":"4Zj6oQZwBUU+9OyCVlWYKT.2","action":"ProcessGetUpdates", "result":"Done", "context":{"dataType":"Sessions", "deleted":"1", "process_failed_to_decrypt":"0", "process_pending_decryption":"0", "process_success":"3", "total":"3"}}
{"logTime": "1111/133152", "correlationVector":"4Zj6oQZwBUU+9OyCVlWYKT.3","action":"ProcessGetUpdates", "result":"Done", "context":{"dataType":"Device Info", "deleted":"0", "process_failed_to_decrypt":"0", "process_pending_decryption":"0", "process_success":"1", "total":"1"}}
{"logTime": "1111/133152", "correlationVector":"4Zj6oQZwBUU+9OyCVlWYKT.4","action":"ProcessGetUpdates", "result":"Done", "context":{"dataType":"History", "deleted":"0", "process_failed_to_decrypt":"0", "process_pending_decryption":"0", "process_success":"1", "total":"1"}}
{"logTime": "1111/133152", "correlationVector":"4Zj6oQZwBUU+9OyCVlWYKT.5","action":"GetUpdates Response", "result":"Success", "context":Received 5 update(s). cV=4Zj6oQZwBUU+9OyCVlWYKT.0;server=akswtt021000048;cloudType=Consumer;environment=Prod_southindia_prod-s01-004-apac-southindia;migrationStage=NotStarted}
{"logTime": "1111/133252", "correlationVector":"3X+V5/fLuz3QTObnaPphod","action":"Commit Request", "result":"", "context":Item count: 3
Contributing types: Sessions, History}
{"logTime": "1111/133253", "correlationVector":"3X+V5/fLuz3QTObnaPphod.1","action":"SyncServerConnectionManagerRequest", "result":"SYNC_SERVER_OK", "context":{"environment":"Prod_southindia_prod-s01-004-apac-southindia", "migrationStage":"NotStarted", "server":"akswtt021000048"}}
{"logTime": "1111/133253", "correlationVector":"3X+V5/fLuz3QTObnaPphod.2","action":"Commit Response", "result":"Success", "context":Result: Success. cV=3X+V5/fLuz3QTObnaPphod.0;server=akswtt021000048;cloudType=Consumer;environment=Prod_southindia_prod-s01-004-apac-southindia;migrationStage=NotStarted}
{"logTime": "1111/133826", "correlationVector":"yeO0lAGjfCzpifgl1jMg2M","action":"Commit Request", "result":"", "context":Item count: 4
Contributing types: Sessions, History}
{"logTime": "1111/133828", "correlationVector":"yeO0lAGjfCzpifgl1jMg2M.1","action":"SyncServerConnectionManagerRequest", "result":"SYNC_SERVER_OK", "context":{"environment":"Prod_southindia_prod-s01-004-apac-southindia", "migrationStage":"NotStarted", "server":"akswtt021000031"}}
{"logTime": "1111/133828", "correlationVector":"yeO0lAGjfCzpifgl1jMg2M.2","action":"Commit Response", "result":"Success", "context":Result: Success. cV=yeO0lAGjfCzpifgl1jMg2M.0;server=akswtt021000031;cloudType=Consumer;environment=Prod_southindia_prod-s01-004-apac-southindia;migrationStage=NotStarted}
{"logTime": "1111/150012", "correlationVector":"dAY7DwFUkC28zDdzc6A80y.1","action":"SyncServerConnectionManagerRequest", "result":"SYNC_SERVER_OK", "context":{"environment":"Prod_southindia_prod-s01-004-apac-southindia", "migrationStage":"NotStarted", "server":"akswtt021000009"}}
{"logTime": "1111/150012", "correlationVector":"dAY7DwFUkC28zDdzc6A80y.2","action":"ProcessGetUpdates", "result":"Done", "context":{"dataType":"Encryption Keys", "deleted":"0", "process_failed_to_decrypt":"0", "process_pending_decryption":"0", "process_success":"1", "total":"1"}}
{"logTime": "1111/150013", "correlationVector":"dxMGk6tcbih/ninnYQ8h20","action":"SyncServerConnectionManagerRequest", "result":"SYNC_SERVER_OK", "context":{"environment":"", "migrationStage":"", "server":""}}
{"logTime": "1111/150013", "correlationVector":"dxMGk6tcbih/ninnYQ8h20.0","action":"EncryptionKeysFetcher.DownloadKeys:", "result":"Success", "context":Key count: 5, Last key timestamp: 2025-07-27T05:29:56Z}
{"logTime": "1111/150013", "correlationVector":"dxMGk6tcbih/ninnYQ8h20.1","action":"EncryptionKeysManager::SetEncryptionKeys:", "result":"Success", "context":Key names[5]:[M53GCzqXgUmIcIHaCmR5PBdJ/zgR77+lggHrHftORxVNo3Rn3aFPbd/+uAMOLOOG6XoGPBoYeE/0gHQ1ikCIig==][zrxcvMrikdFp3WE2vqhXfilphfGUOuFGng2uBmRz90VnL1aILDNu9RuBP+6aeslLHtx7501Xk6N9AklKN786sw==][/WwaHH8oX8GGxhST6/LzBJ8mmhQbCy864O5/R4oay1J78Qa3jty18q2dpMOvcTntRDZZXix43ctVy4jZ4JVQIA==][jUV/XVASmg5ddl5q90z+SoNSHbKfwyq523Rlt9PJ86lSnZEmcmrFOwOA0FX4OrqAm9p8Vc974UQbzfioLUIzSA==][zUpK4Qjg1nRPPVAbnD2h8m/WkDU4KBT5n/pd71xk/xJQrhRSR3DDT2ctW057hT761583LwZAXydTS6K+clvkhw==]}
{"logTime": "1111/150013", "correlationVector":"dxMGk6tcbih/ninnYQ8h20.2","action":"EncryptionKeysManager::SetEncryptionKeysWithTimestamps:", "result":"Success", "context":Key timestamps[5]:[2024-04-22T10:05:22Z][2024-10-24T12:24:24Z][2024-11-09T06:32:15Z][2025-05-09T04:56:41Z][2025-07-27T05:29:56Z]}
{"logTime": "1111/150013", "correlationVector":"dAY7DwFUkC28zDdzc6A80y","action":"Initial GetUpdates", "result":"", "context":Reason: NEW_CLIENT. cV=dAY7DwFUkC28zDdzc6A80y}
{"logTime": "1111/150013", "correlationVector":"dAY7DwFUkC28zDdzc6A80y.3","action":"GetUpdates Response", "result":"Success", "context":Received 1 update(s). cV=dAY7DwFUkC28zDdzc6A80y.0;server=akswtt021000009;cloudType=Consumer;environment=Prod_southindia_prod-s01-004-apac-southindia;migrationStage=NotStarted}
{"logTime": "1111/150013", "correlationVector":"QitVV+dHRmxm1IuZcCkhpN","action":"Initial GetUpdates", "result":"", "context":Reason: NEWLY_SUPPORTED_DATATYPE. cV=QitVV+dHRmxm1IuZcCkhpN}
{"logTime": "1111/150014", "correlationVector":"QitVV+dHRmxm1IuZcCkhpN.1","action":"SyncServerConnectionManagerRequest", "result":"SYNC_SERVER_OK", "context":{"environment":"Prod_southindia_prod-s01-004-apac-southindia", "migrationStage":"NotStarted", "server":"akswtt02100004t"}}
{"logTime": "1111/150014", "correlationVector":"QitVV+dHRmxm1IuZcCkhpN.2","action":"ProcessGetUpdates", "result":"Done", "context":{"dataType":"Passwords", "deleted":"0", "process_failed_to_decrypt":"0", "process_pending_decryption":"0", "process_success":"6", "total":"6"}}
{"logTime": "1111/150014", "correlationVector":"QitVV+dHRmxm1IuZcCkhpN.3","action":"GetUpdates Response", "result":"Success", "context":Received 6 update(s). cV=QitVV+dHRmxm1IuZcCkhpN.0;server=akswtt02100004t;cloudType=Consumer;environment=Prod_southindia_prod-s01-004-apac-southindia;migrationStage=NotStarted}
{"logTime": "1111/150014", "correlationVector":"gyQ+Z2BLB/edCUeA0iNwHw","action":"Normal GetUpdate request", "result":"", "context":cV=gyQ+Z2BLB/edCUeA0iNwHw
Nudged types: Sessions, Device Info, History
Refresh requested types: Bookmarks, Preferences, Passwords, Autofill Profiles, Autofill, Extensions, Sessions, Extension settings, History Delete Directives, Device Info, User Consents, Send Tab To Self, Web Apps, History, Saved Tab Group, WebAuthn Credentials, Collection, Edge E Drop, Edge Hub App Usage, Edge Wallet, Encryption Keys}
{"logTime": "1111/150014", "correlationVector":"gyQ+Z2BLB/edCUeA0iNwHw.1","action":"SyncServerConnectionManagerRequest", "result":"SYNC_SERVER_OK", "context":{"environment":"Prod_southindia_prod-s01-004-apac-southindia", "migrationStage":"NotStarted", "server":"akswtt021000011"}}
{"logTime": "1111/150014", "correlationVector":"gyQ+Z2BLB/edCUeA0iNwHw.2","action":"ProcessGetUpdates", "result":"Done", "context":{"dataType":"Sessions", "deleted":"0", "process_failed_to_decrypt":"0", "process_pending_decryption":"0", "process_success":"1", "total":"1"}}
{"logTime": "1111/150014", "correlationVector":"gyQ+Z2BLB/edCUeA0iNwHw.3","action":"ProcessGetUpdates", "result":"Done", "context":{"dataType":"History", "deleted":"0", "process_failed_to_decrypt":"0", "process_pending_decryption":"0", "process_success":"4", "total":"4"}}
{"logTime": "1111/150014", "correlationVector":"gyQ+Z2BLB/edCUeA0iNwHw.4","action":"GetUpdates Response", "result":"Success", "context":Received 5 update(s). cV=gyQ+Z2BLB/edCUeA0iNwHw.0;server=akswtt021000011;cloudType=Consumer;environment=Prod_southindia_prod-s01-004-apac-southindia;migrationStage=NotStarted}
{"logTime": "1111/150014", "correlationVector":"6A1bI3mHET4PkHFURSVZZ4","action":"Commit Request", "result":"", "context":Item count: 5
Contributing types: Sessions, Device Info, History}
{"logTime": "1111/150016", "correlationVector":"6A1bI3mHET4PkHFURSVZZ4.1","action":"SyncServerConnectionManagerRequest", "result":"SYNC_SERVER_OK", "context":{"environment":"Prod_southindia_prod-s01-004-apac-southindia", "migrationStage":"NotStarted", "server":"akswtt021000023"}}
{"logTime": "1111/150016", "correlationVector":"6A1bI3mHET4PkHFURSVZZ4.3","action":"Commit.Sessions", "result":"Success", "context":{"id":"fd334fc1-94fa-450c-adec-fa3a39aab0a2", "isDeleted":"true", "size":"0", "version":"1762868307310"}}
{"logTime": "1111/150016", "correlationVector":"6A1bI3mHET4PkHFURSVZZ4.2","action":"Commit Response", "result":"Success", "context":Result: Success. cV=6A1bI3mHET4PkHFURSVZZ4.0;server=akswtt021000023;cloudType=Consumer;environment=Prod_southindia_prod-s01-004-apac-southindia;migrationStage=NotStarted}
{"logTime": "1111/150016", "correlationVector":"8nQ5jpaxLTHwSt0l3BRI5j","action":"Commit Request", "result":"", "context":Item count: 1
Contributing types: Sessions}
{"logTime": "1111/150016", "correlationVector":"8nQ5jpaxLTHwSt0l3BRI5j.1","action":"SyncServerConnectionManagerRequest", "result":"SYNC_SERVER_OK", "context":{"environment":"Prod_southindia_prod-s01-004-apac-southindia", "migrationStage":"NotStarted", "server":"akswtt02100004t"}}
{"logTime": "1111/150016", "correlationVector":"8nQ5jpaxLTHwSt0l3BRI5j.2","action":"Commit Response", "result":"Success", "context":Result: Success. cV=8nQ5jpaxLTHwSt0l3BRI5j.0;server=akswtt02100004t;cloudType=Consumer;environment=Prod_southindia_prod-s01-004-apac-southindia;migrationStage=NotStarted}
{"logTime": "1111/150116", "correlationVector":"xmeybg/7LYOF/xPxlNpIYN","action":"Commit Request", "result":"", "context":Item count: 5
Contributing types: Sessions, History}
{"logTime": "1111/150117", "correlationVector":"xmeybg/7LYOF/xPxlNpIYN.1","action":"SyncServerConnectionManagerRequest", "result":"SYNC_SERVER_OK", "context":{"environment":"Prod_southindia_prod-s01-004-apac-southindia", "migrationStage":"NotStarted", "server":"akswtt02100004u"}}
{"logTime": "1111/150117", "correlationVector":"xmeybg/7LYOF/xPxlNpIYN.2","action":"Commit Response", "result":"Success", "context":Result: Success. cV=xmeybg/7LYOF/xPxlNpIYN.0;server=akswtt02100004u;cloudType=Consumer;environment=Prod_southindia_prod-s01-004-apac-southindia;migrationStage=NotStarted}
{"logTime": "1111/150400", "correlationVector":"HwRnJsth79nHIDdYly6/R/","action":"Commit Request", "result":"", "context":Item count: 6
Contributing types: Sessions, History}
{"logTime": "1111/150401", "correlationVector":"HwRnJsth79nHIDdYly6/R/.1","action":"SyncServerConnectionManagerRequest", "result":"SYNC_SERVER_OK", "context":{"environment":"Prod_southindia_prod-s01-004-apac-southindia", "migrationStage":"NotStarted", "server":"akswtt02100001i"}}
{"logTime": "1111/150401", "correlationVector":"HwRnJsth79nHIDdYly6/R/.2","action":"Commit Response", "result":"Success", "context":Result: Success. cV=HwRnJsth79nHIDdYly6/R/.0;server=akswtt02100001i;cloudType=Consumer;environment=Prod_southindia_prod-s01-004-apac-southindia;migrationStage=NotStarted}
{"logTime": "1111/150914", "correlationVector":"olLYBLgN1wz/HomReMJ+Js","action":"Commit Request", "result":"", "context":Item count: 1
Contributing types: Sessions}
{"logTime": "1111/150914", "correlationVector":"olLYBLgN1wz/HomReMJ+Js.1","action":"SyncServerConnectionManagerRequest", "result":"SYNC_SERVER_OK", "context":{"environment":"Prod_southindia_prod-s01-004-apac-southindia", "migrationStage":"NotStarted", "server":"akswtt02100004r"}}
{"logTime": "1111/150914", "correlationVector":"olLYBLgN1wz/HomReMJ+Js.2","action":"Commit Response", "result":"Success", "context":Result: Success. cV=olLYBLgN1wz/HomReMJ+Js.0;server=akswtt02100004r;cloudType=Consumer;environment=Prod_southindia_prod-s01-004-apac-southindia;migrationStage=NotStarted}
{"logTime": "1111/151306", "correlationVector":"hEhj7PC6K32frSGm1l0QtR","action":"Commit Request", "result":"", "context":Item count: 1
Contributing types: Sessions}
{"logTime": "1111/151306", "correlationVector":"hEhj7PC6K32frSGm1l0QtR.1","action":"SyncServerConnectionManagerRequest", "result":"SYNC_SERVER_OK", "context":{"environment":"Prod_southindia_prod-s01-004-apac-southindia", "migrationStage":"NotStarted", "server":"akswtt021000032"}}
{"logTime": "1111/151306", "correlationVector":"hEhj7PC6K32frSGm1l0QtR.2","action":"Commit Response", "result":"Success", "context":Result: Success. cV=hEhj7PC6K32frSGm1l0QtR.0;server=akswtt021000032;cloudType=Consumer;environment=Prod_southindia_prod-s01-004-apac-southindia;migrationStage=NotStarted}
{"logTime": "1111/151430", "correlationVector":"DJKHxDEOeDIBKqZw67YowK","action":"Commit Request", "result":"", "context":Item count: 1
Contributing types: Sessions}
{"logTime": "1111/151430", "correlationVector":"DJKHxDEOeDIBKqZw67YowK.1","action":"SyncServerConnectionManagerRequest", "result":"SYNC_SERVER_OK", "context":{"environment":"Prod_southindia_prod-s01-004-apac-southindia", "migrationStage":"NotStarted", "server":"akswtt02100001w"}}
{"logTime": "1111/151430", "correlationVector":"DJKHxDEOeDIBKqZw67YowK.2","action":"Commit Response", "result":"Success", "context":Result: Success. cV=DJKHxDEOeDIBKqZw67YowK.0;server=akswtt02100001w;cloudType=Consumer;environment=Prod_southindia_prod-s01-004-apac-southindia;migrationStage=NotStarted}
{"logTime": "1111/151559", "correlationVector":"sjY3Ja5NSQ48IJCFnz9QG3","action":"Commit Request", "result":"", "context":Item count: 1
Contributing types: Sessions}
{"logTime": "1111/151559", "correlationVector":"sjY3Ja5NSQ48IJCFnz9QG3.1","action":"SyncServerConnectionManagerRequest", "result":"SYNC_SERVER_OK", "context":{"environment":"Prod_southindia_prod-s01-004-apac-southindia", "migrationStage":"NotStarted", "server":"akswtt02100001d"}}
{"logTime": "1111/151559", "correlationVector":"sjY3Ja5NSQ48IJCFnz9QG3.2","action":"Commit Response", "result":"Success", "context":Result: Success. cV=sjY3Ja5NSQ48IJCFnz9QG3.0;server=akswtt02100001d;cloudType=Consumer;environment=Prod_southindia_prod-s01-004-apac-southindia;migrationStage=NotStarted}
{"logTime": "1111/153740", "correlationVector":"tBOoos0IiN6MdAFEsm6VOt","action":"Commit Request", "result":"", "context":Item count: 1
Contributing types: Sessions}
{"logTime": "1111/153741", "correlationVector":"tBOoos0IiN6MdAFEsm6VOt.1","action":"SyncServerConnectionManagerRequest", "result":"SYNC_SERVER_OK", "context":{"environment":"Prod_southindia_prod-s01-004-apac-southindia", "migrationStage":"NotStarted", "server":"akswtt021000023"}}
{"logTime": "1111/153741", "correlationVector":"tBOoos0IiN6MdAFEsm6VOt.2","action":"Commit Response", "result":"Success", "context":Result: Success. cV=tBOoos0IiN6MdAFEsm6VOt.0;server=akswtt021000023;cloudType=Consumer;environment=Prod_southindia_prod-s01-004-apac-southindia;migrationStage=NotStarted}
{"logTime": "1111/154045", "correlationVector":"WUyABYW/CK3sakK9puwl5h","action":"Commit Request", "result":"", "context":Item count: 1
Contributing types: Sessions}
{"logTime": "1111/154045", "correlationVector":"WUyABYW/CK3sakK9puwl5h.1","action":"SyncServerConnectionManagerRequest", "result":"SYNC_SERVER_OK", "context":{"environment":"Prod_southindia_prod-s01-004-apac-southindia", "migrationStage":"NotStarted", "server":"akswtt02100002s"}}
{"logTime": "1111/154045", "correlationVector":"WUyABYW/CK3sakK9puwl5h.2","action":"Commit Response", "result":"Success", "context":Result: Success. cV=WUyABYW/CK3sakK9puwl5h.0;server=akswtt02100002s;cloudType=Consumer;environment=Prod_southindia_prod-s01-004-apac-southindia;migrationStage=NotStarted}
{"logTime": "1111/154229", "correlationVector":"OlstMgl+RoSfCBMVi2NXkw","action":"Commit Request", "result":"", "context":Item count: 1
Contributing types: Sessions}
{"logTime": "1111/154229", "correlationVector":"OlstMgl+RoSfCBMVi2NXkw.1","action":"SyncServerConnectionManagerRequest", "result":"SYNC_SERVER_OK", "context":{"environment":"Prod_southindia_prod-s01-004-apac-southindia", "migrationStage":"NotStarted", "server":"akswtt02100002d"}}
{"logTime": "1111/154229", "correlationVector":"OlstMgl+RoSfCBMVi2NXkw.2","action":"Commit Response", "result":"Success", "context":Result: Success. cV=OlstMgl+RoSfCBMVi2NXkw.0;server=akswtt02100002d;cloudType=Consumer;environment=Prod_southindia_prod-s01-004-apac-southindia;migrationStage=NotStarted}
{"logTime": "1111/155112", "correlationVector":"fYUvg4Z8RG/TdN5uwiygHT","action":"Commit Request", "result":"", "context":Item count: 3
Contributing types: Sessions, History}
{"logTime": "1111/155113", "correlationVector":"fYUvg4Z8RG/TdN5uwiygHT.1","action":"SyncServerConnectionManagerRequest", "result":"SYNC_SERVER_OK", "context":{"environment":"Prod_southindia_prod-s01-004-apac-southindia", "migrationStage":"NotStarted", "server":"akswtt02100002g"}}
{"logTime": "1111/155113", "correlationVector":"fYUvg4Z8RG/TdN5uwiygHT.2","action":"Commit Response", "result":"Success", "context":Result: Success. cV=fYUvg4Z8RG/TdN5uwiygHT.0;server=akswtt02100002g;cloudType=Consumer;environment=Prod_southindia_prod-s01-004-apac-southindia;migrationStage=NotStarted}
{"logTime": "1111/161107", "correlationVector":"8U+YNNocvpPzCQvZCmzpOe","action":"Commit Request", "result":"", "context":Item count: 1
Contributing types: Sessions}
{"logTime": "1111/161107", "correlationVector":"8U+YNNocvpPzCQvZCmzpOe.1","action":"SyncServerConnectionManagerRequest", "result":"SYNC_SERVER_OK", "context":{"environment":"Prod_southindia_prod-s01-004-apac-southindia", "migrationStage":"NotStarted", "server":"akswtt02100004u"}}
{"logTime": "1111/161107", "correlationVector":"8U+YNNocvpPzCQvZCmzpOe.2","action":"Commit Response", "result":"Success", "context":Result: Success. cV=8U+YNNocvpPzCQvZCmzpOe.0;server=akswtt02100004u;cloudType=Consumer;environment=Prod_southindia_prod-s01-004-apac-southindia;migrationStage=NotStarted}
{"logTime": "1111/161826", "correlationVector":"O5eS2NT6JOzK8BTAg7dbj/","action":"Commit Request", "result":"", "context":Item count: 1
Contributing types: Sessions}
{"logTime": "1111/161827", "correlationVector":"O5eS2NT6JOzK8BTAg7dbj/.1","action":"SyncServerConnectionManagerRequest", "result":"SYNC_SERVER_OK", "context":{"environment":"Prod_southindia_prod-s01-004-apac-southindia", "migrationStage":"NotStarted", "server":"akswtt021000028"}}
{"logTime": "1111/161827", "correlationVector":"O5eS2NT6JOzK8BTAg7dbj/.2","action":"Commit Response", "result":"Success", "context":Result: Success. cV=O5eS2NT6JOzK8BTAg7dbj/.0;server=akswtt021000028;cloudType=Consumer;environment=Prod_southindia_prod-s01-004-apac-southindia;migrationStage=NotStarted}
{"logTime": "1111/162651", "correlationVector":"igsk83Ihnf7HOQrGAqjzth","action":"Commit Request", "result":"", "context":Item count: 1
Contributing types: Sessions}
{"logTime": "1111/162651", "correlationVector":"igsk83Ihnf7HOQrGAqjzth.1","action":"SyncServerConnectionManagerRequest", "result":"SYNC_SERVER_OK", "context":{"environment":"Prod_southindia_prod-s01-004-apac-southindia", "migrationStage":"NotStarted", "server":"akswtt02100000s"}}
{"logTime": "1111/162651", "correlationVector":"igsk83Ihnf7HOQrGAqjzth.2","action":"Commit Response", "result":"Success", "context":Result: Success. cV=igsk83Ihnf7HOQrGAqjzth.0;server=akswtt02100000s;cloudType=Consumer;environment=Prod_southindia_prod-s01-004-apac-southindia;migrationStage=NotStarted}
{"logTime": "1111/164248", "correlationVector":"wc1mqyYUbPG6c9WPo/NhQr","action":"Commit Request", "result":"", "context":Item count: 1
Contributing types: Sessions}
{"logTime": "1111/164248", "correlationVector":"wc1mqyYUbPG6c9WPo/NhQr.1","action":"SyncServerConnectionManagerRequest", "result":"SYNC_SERVER_OK", "context":{"environment":"Prod_southindia_prod-s01-004-apac-southindia", "migrationStage":"NotStarted", "server":"akswtt02100002p"}}
{"logTime": "1111/164248", "correlationVector":"wc1mqyYUbPG6c9WPo/NhQr.2","action":"Commit Response", "result":"Success", "context":Result: Success. cV=wc1mqyYUbPG6c9WPo/NhQr.0;server=akswtt02100002p;cloudType=Consumer;environment=Prod_southindia_prod-s01-004-apac-southindia;migrationStage=NotStarted}
{"logTime": "1111/164829", "correlationVector":"V8fPsjk9R7UoSLFITdKiGC","action":"Commit Request", "result":"", "context":Item count: 1
Contributing types: Sessions}
{"logTime": "1111/164829", "correlationVector":"V8fPsjk9R7UoSLFITdKiGC.1","action":"SyncServerConnectionManagerRequest", "result":"SYNC_SERVER_OK", "context":{"environment":"Prod_southindia_prod-s01-004-apac-southindia", "migrationStage":"NotStarted", "server":"akswtt021000056"}}
{"logTime": "1111/164829", "correlationVector":"V8fPsjk9R7UoSLFITdKiGC.2","action":"Commit Response", "result":"Success", "context":Result: Success. cV=V8fPsjk9R7UoSLFITdKiGC.0;server=akswtt021000056;cloudType=Consumer;environment=Prod_southindia_prod-s01-004-apac-southindia;migrationStage=NotStarted}
{"logTime": "1111/170624", "correlationVector":"ZjRKuQoCBkRi5jwT5QNMsU","action":"Commit Request", "result":"", "context":Item count: 1
Contributing types: Sessions}
{"logTime": "1111/170625", "correlationVector":"ZjRKuQoCBkRi5jwT5QNMsU.1","action":"SyncServerConnectionManagerRequest", "result":"SYNC_SERVER_OK", "context":{"environment":"Prod_southindia_prod-s01-004-apac-southindia", "migrationStage":"NotStarted", "server":"akswtt021000003"}}
{"logTime": "1111/170625", "correlationVector":"ZjRKuQoCBkRi5jwT5QNMsU.2","action":"Commit Response", "result":"Success", "context":Result: Success. cV=ZjRKuQoCBkRi5jwT5QNMsU.0;server=akswtt021000003;cloudType=Consumer;environment=Prod_southindia_prod-s01-004-apac-southindia;migrationStage=NotStarted}
{"logTime": "1111/171552", "correlationVector":"OiTdergiS5C71lLdtiYw/l","action":"Commit Request", "result":"", "context":Item count: 3
Contributing types: Sessions, History}
{"logTime": "1111/171553", "correlationVector":"OiTdergiS5C71lLdtiYw/l.1","action":"SyncServerConnectionManagerRequest", "result":"SYNC_SERVER_OK", "context":{"environment":"Prod_southindia_prod-s01-004-apac-southindia", "migrationStage":"NotStarted", "server":"akswtt021000031"}}
{"logTime": "1111/171553", "correlationVector":"OiTdergiS5C71lLdtiYw/l.2","action":"Commit Response", "result":"Success", "context":Result: Success. cV=OiTdergiS5C71lLdtiYw/l.0;server=akswtt021000031;cloudType=Consumer;environment=Prod_southindia_prod-s01-004-apac-southindia;migrationStage=NotStarted}
{"logTime": "1111/171810", "correlationVector":"g3gR5/5qSNujifVgzKJ6LW","action":"Commit Request", "result":"", "context":Item count: 1
Contributing types: Sessions}
{"logTime": "1111/171810", "correlationVector":"g3gR5/5qSNujifVgzKJ6LW.1","action":"SyncServerConnectionManagerRequest", "result":"SYNC_SERVER_OK", "context":{"environment":"Prod_southindia_prod-s01-004-apac-southindia", "migrationStage":"NotStarted", "server":"akswtt02100001i"}}
{"logTime": "1111/171810", "correlationVector":"g3gR5/5qSNujifVgzKJ6LW.2","action":"Commit Response", "result":"Success", "context":Result: Success. cV=g3gR5/5qSNujifVgzKJ6LW.0;server=akswtt02100001i;cloudType=Consumer;environment=Prod_southindia_prod-s01-004-apac-southindia;migrationStage=NotStarted}
{"logTime": "1111/173019", "correlationVector":"VpZ/NSPZz4JsUjT5ujrIU1","action":"Commit Request", "result":"", "context":Item count: 1
Contributing types: Sessions}
{"logTime": "1111/173020", "correlationVector":"VpZ/NSPZz4JsUjT5ujrIU1.1","action":"SyncServerConnectionManagerRequest", "result":"SYNC_SERVER_OK", "context":{"environment":"Prod_southindia_prod-s01-004-apac-southindia", "migrationStage":"NotStarted", "server":"akswtt021000055"}}
{"logTime": "1111/173020", "correlationVector":"VpZ/NSPZz4JsUjT5ujrIU1.2","action":"Commit Response", "result":"Success", "context":Result: Success. cV=VpZ/NSPZz4JsUjT5ujrIU1.0;server=akswtt021000055;cloudType=Consumer;environment=Prod_southindia_prod-s01-004-apac-southindia;migrationStage=NotStarted}
{"logTime": "1111/173121", "correlationVector":"0JcYkgCJ+3j7Dq3/EX2TmM","action":"Commit Request", "result":"", "context":Item count: 5
Contributing types: Sessions, History}
{"logTime": "1111/173122", "correlationVector":"0JcYkgCJ+3j7Dq3/EX2TmM.1","action":"SyncServerConnectionManagerRequest", "result":"SYNC_SERVER_OK", "context":{"environment":"Prod_southindia_prod-s01-004-apac-southindia", "migrationStage":"NotStarted", "server":"akswtt02100001m"}}
{"logTime": "1111/173122", "correlationVector":"0JcYkgCJ+3j7Dq3/EX2TmM.2","action":"Commit Response", "result":"Success", "context":Result: Success. cV=0JcYkgCJ+3j7Dq3/EX2TmM.0;server=akswtt02100001m;cloudType=Consumer;environment=Prod_southindia_prod-s01-004-apac-southindia;migrationStage=NotStarted}
{"logTime": "1111/173414", "correlationVector":"vHCmDBGpDgA3NIbovRli74","action":"Commit Request", "result":"", "context":Item count: 3
Contributing types: Sessions, History}
{"logTime": "1111/173415", "correlationVector":"vHCmDBGpDgA3NIbovRli74.1","action":"SyncServerConnectionManagerRequest", "result":"SYNC_SERVER_OK", "context":{"environment":"Prod_southindia_prod-s01-004-apac-southindia", "migrationStage":"NotStarted", "server":"akswtt02100001v"}}
{"logTime": "1111/173415", "correlationVector":"vHCmDBGpDgA3NIbovRli74.2","action":"Commit Response", "result":"Success", "context":Result: Success. cV=vHCmDBGpDgA3NIbovRli74.0;server=akswtt02100001v;cloudType=Consumer;environment=Prod_southindia_prod-s01-004-apac-southindia;migrationStage=NotStarted}
{"logTime": "1111/173708", "correlationVector":"KlscQ7zsY0jjZ7EgXrUAUg","action":"Commit Request", "result":"", "context":Item count: 4
Contributing types: Sessions, History}
{"logTime": "1111/173708", "correlationVector":"KlscQ7zsY0jjZ7EgXrUAUg.1","action":"SyncServerConnectionManagerRequest", "result":"SYNC_SERVER_OK", "context":{"environment":"Prod_southindia_prod-s01-004-apac-southindia", "migrationStage":"NotStarted", "server":"akswtt02100000p"}}
{"logTime": "1111/173708", "correlationVector":"KlscQ7zsY0jjZ7EgXrUAUg.2","action":"Commit Response", "result":"Success", "context":Result: Success. cV=KlscQ7zsY0jjZ7EgXrUAUg.0;server=akswtt02100000p;cloudType=Consumer;environment=Prod_southindia_prod-s01-004-apac-southindia;migrationStage=NotStarted}
{"logTime": "1111/174546", "correlationVector":"AN53s69+/CbPX2p0tSDlXU","action":"Commit Request", "result":"", "context":Item count: 1
Contributing types: Sessions}
{"logTime": "1111/174547", "correlationVector":"AN53s69+/CbPX2p0tSDlXU.1","action":"SyncServerConnectionManagerRequest", "result":"SYNC_SERVER_OK", "context":{"environment":"Prod_southindia_prod-s01-004-apac-southindia", "migrationStage":"NotStarted", "server":"akswtt02100002a"}}
{"logTime": "1111/174547", "correlationVector":"AN53s69+/CbPX2p0tSDlXU.2","action":"Commit Response", "result":"Success", "context":Result: Success. cV=AN53s69+/CbPX2p0tSDlXU.0;server=akswtt02100002a;cloudType=Consumer;environment=Prod_southindia_prod-s01-004-apac-southindia;migrationStage=NotStarted}
{"logTime": "1111/190121", "correlationVector":"gQrbcLi0J6BBvg76ORwU9E.1","action":"SyncServerConnectionManagerRequest", "result":"SYNC_SERVER_OK", "context":{"environment":"Prod_southindia_prod-s01-004-apac-southindia", "migrationStage":"NotStarted", "server":"akswtt02100001w"}}
{"logTime": "1111/190121", "correlationVector":"gQrbcLi0J6BBvg76ORwU9E.2","action":"ProcessGetUpdates", "result":"Done", "context":{"dataType":"Encryption Keys", "deleted":"0", "process_failed_to_decrypt":"0", "process_pending_decryption":"0", "process_success":"1", "total":"1"}}
{"logTime": "1111/190121", "correlationVector":"DmiR32tzbLch3Nd0PHjDQ3","action":"SyncServerConnectionManagerRequest", "result":"SYNC_SERVER_OK", "context":{"environment":"", "migrationStage":"", "server":""}}
{"logTime": "1111/190121", "correlationVector":"DmiR32tzbLch3Nd0PHjDQ3.0","action":"EncryptionKeysFetcher.DownloadKeys:", "result":"Success", "context":Key count: 5, Last key timestamp: 2025-07-27T05:29:56Z}
{"logTime": "1111/190121", "correlationVector":"DmiR32tzbLch3Nd0PHjDQ3.1","action":"EncryptionKeysManager::SetEncryptionKeys:", "result":"Success", "context":Key names[5]:[M53GCzqXgUmIcIHaCmR5PBdJ/zgR77+lggHrHftORxVNo3Rn3aFPbd/+uAMOLOOG6XoGPBoYeE/0gHQ1ikCIig==][zrxcvMrikdFp3WE2vqhXfilphfGUOuFGng2uBmRz90VnL1aILDNu9RuBP+6aeslLHtx7501Xk6N9AklKN786sw==][/WwaHH8oX8GGxhST6/LzBJ8mmhQbCy864O5/R4oay1J78Qa3jty18q2dpMOvcTntRDZZXix43ctVy4jZ4JVQIA==][jUV/XVASmg5ddl5q90z+SoNSHbKfwyq523Rlt9PJ86lSnZEmcmrFOwOA0FX4OrqAm9p8Vc974UQbzfioLUIzSA==][zUpK4Qjg1nRPPVAbnD2h8m/WkDU4KBT5n/pd71xk/xJQrhRSR3DDT2ctW057hT761583LwZAXydTS6K+clvkhw==]}
{"logTime": "1111/190121", "correlationVector":"DmiR32tzbLch3Nd0PHjDQ3.2","action":"EncryptionKeysManager::SetEncryptionKeysWithTimestamps:", "result":"Success", "context":Key timestamps[5]:[2024-04-22T10:05:22Z][2024-10-24T12:24:24Z][2024-11-09T06:32:15Z][2025-05-09T04:56:41Z][2025-07-27T05:29:56Z]}
{"logTime": "1111/190121", "correlationVector":"gQrbcLi0J6BBvg76ORwU9E","action":"Initial GetUpdates", "result":"", "context":Reason: NEW_CLIENT. cV=gQrbcLi0J6BBvg76ORwU9E}
{"logTime": "1111/190121", "correlationVector":"gQrbcLi0J6BBvg76ORwU9E.3","action":"GetUpdates Response", "result":"Success", "context":Received 1 update(s). cV=gQrbcLi0J6BBvg76ORwU9E.0;server=akswtt02100001w;cloudType=Consumer;environment=Prod_southindia_prod-s01-004-apac-southindia;migrationStage=NotStarted}
{"logTime": "1111/190121", "correlationVector":"usIwRkE1qbAQ3Kkv07DBn/","action":"Initial GetUpdates", "result":"", "context":Reason: NEWLY_SUPPORTED_DATATYPE. cV=usIwRkE1qbAQ3Kkv07DBn/}
{"logTime": "1111/190121", "correlationVector":"usIwRkE1qbAQ3Kkv07DBn/.1","action":"SyncServerConnectionManagerRequest", "result":"SYNC_SERVER_OK", "context":{"environment":"Prod_southindia_prod-s01-004-apac-southindia", "migrationStage":"NotStarted", "server":"akswtt021000056"}}
{"logTime": "1111/190121", "correlationVector":"usIwRkE1qbAQ3Kkv07DBn/.2","action":"ProcessGetUpdates", "result":"Done", "context":{"dataType":"Passwords", "deleted":"0", "process_failed_to_decrypt":"0", "process_pending_decryption":"0", "process_success":"6", "total":"6"}}
{"logTime": "1111/190121", "correlationVector":"usIwRkE1qbAQ3Kkv07DBn/.3","action":"GetUpdates Response", "result":"Success", "context":Received 6 update(s). cV=usIwRkE1qbAQ3Kkv07DBn/.0;server=akswtt021000056;cloudType=Consumer;environment=Prod_southindia_prod-s01-004-apac-southindia;migrationStage=NotStarted}
{"logTime": "1111/190121", "correlationVector":"s3aFeYmNVKg/IClPsbx502","action":"Normal GetUpdate request", "result":"", "context":cV=s3aFeYmNVKg/IClPsbx502
Nudged types: Sessions, Device Info, History
Refresh requested types: Bookmarks, Preferences, Passwords, Autofill Profiles, Autofill, Extensions, Sessions, Extension settings, History Delete Directives, Device Info, User Consents, Send Tab To Self, Web Apps, History, Saved Tab Group, WebAuthn Credentials, Collection, Edge E Drop, Edge Hub App Usage, Edge Wallet, Encryption Keys}
{"logTime": "1111/190122", "correlationVector":"s3aFeYmNVKg/IClPsbx502.1","action":"SyncServerConnectionManagerRequest", "result":"SYNC_SERVER_OK", "context":{"environment":"Prod_southindia_prod-s01-004-apac-southindia", "migrationStage":"NotStarted", "server":"akswtt021000057"}}
{"logTime": "1111/190122", "correlationVector":"s3aFeYmNVKg/IClPsbx502.2","action":"ProcessGetUpdates", "result":"Done", "context":{"dataType":"Sessions", "deleted":"1", "process_failed_to_decrypt":"0", "process_pending_decryption":"0", "process_success":"3", "total":"3"}}
{"logTime": "1111/190122", "correlationVector":"s3aFeYmNVKg/IClPsbx502.3","action":"ProcessGetUpdates", "result":"Done", "context":{"dataType":"Device Info", "deleted":"0", "process_failed_to_decrypt":"0", "process_pending_decryption":"0", "process_success":"1", "total":"1"}}
{"logTime": "1111/190122", "correlationVector":"s3aFeYmNVKg/IClPsbx502.4","action":"ProcessGetUpdates", "result":"Done", "context":{"dataType":"History", "deleted":"0", "process_failed_to_decrypt":"0", "process_pending_decryption":"0", "process_success":"17", "total":"17"}}
{"logTime": "1111/190122", "correlationVector":"s3aFeYmNVKg/IClPsbx502.5","action":"GetUpdates Response", "result":"Success", "context":Received 21 update(s). cV=s3aFeYmNVKg/IClPsbx502.0;server=akswtt021000057;cloudType=Consumer;environment=Prod_southindia_prod-s01-004-apac-southindia;migrationStage=NotStarted}
{"logTime": "1111/190122", "correlationVector":"lT27wdp7/blU2swHdt42M5","action":"Commit Request", "result":"", "context":Item count: 4
Contributing types: Sessions, Device Info, History}
{"logTime": "1111/190123", "correlationVector":"lT27wdp7/blU2swHdt42M5.1","action":"SyncServerConnectionManagerRequest", "result":"SYNC_SERVER_OK", "context":{"environment":"Prod_southindia_prod-s01-004-apac-southindia", "migrationStage":"NotStarted", "server":"akswtt021000009"}}
{"logTime": "1111/190123", "correlationVector":"lT27wdp7/blU2swHdt42M5.2","action":"Commit Response", "result":"Success", "context":Result: Success. cV=lT27wdp7/blU2swHdt42M5.0;server=akswtt021000009;cloudType=Consumer;environment=Prod_southindia_prod-s01-004-apac-southindia;migrationStage=NotStarted}
{"logTime": "1111/190224", "correlationVector":"d/c2Et8wn8sCQIkmIVuQD/","action":"Commit Request", "result":"", "context":Item count: 3
Contributing types: Sessions, History}
{"logTime": "1111/190224", "correlationVector":"d/c2Et8wn8sCQIkmIVuQD/.1","action":"SyncServerConnectionManagerRequest", "result":"SYNC_SERVER_OK", "context":{"environment":"Prod_southindia_prod-s01-004-apac-southindia", "migrationStage":"NotStarted", "server":"akswtt02100002k"}}
{"logTime": "1111/190224", "correlationVector":"d/c2Et8wn8sCQIkmIVuQD/.2","action":"Commit Response", "result":"Success", "context":Result: Success. cV=d/c2Et8wn8sCQIkmIVuQD/.0;server=akswtt02100002k;cloudType=Consumer;environment=Prod_southindia_prod-s01-004-apac-southindia;migrationStage=NotStarted}
{"logTime": "1111/192704", "correlationVector":"OuZnbKhjS7lOMlceaHB7YK","action":"Commit Request", "result":"", "context":Item count: 1
Contributing types: Sessions}
{"logTime": "1111/192704", "correlationVector":"OuZnbKhjS7lOMlceaHB7YK.1","action":"SyncServerConnectionManagerRequest", "result":"SYNC_SERVER_OK", "context":{"environment":"Prod_southindia_prod-s01-004-apac-southindia", "migrationStage":"NotStarted", "server":"akswtt02100005c"}}
{"logTime": "1111/192704", "correlationVector":"OuZnbKhjS7lOMlceaHB7YK.2","action":"Commit Response", "result":"Success", "context":Result: Success. cV=OuZnbKhjS7lOMlceaHB7YK.0;server=akswtt02100005c;cloudType=Consumer;environment=Prod_southindia_prod-s01-004-apac-southindia;migrationStage=NotStarted}
