2025-11-05 12:15:36.366: [INFO] VisibilityChanged: 0
2025-11-05 12:15:36.407: [INFO] RecordSyncInitDuration has_sync_been_enabled: 0 state: 0
2025-11-05 12:15:36.408: [INFO] RecordSyncInitDuration has_sync_been_enabled: 0 state: 0
2025-11-05 12:15:36.408: [INFO] RecordSyncInitDuration has_sync_been_enabled: 0 state: 0
2025-11-05 12:15:36.409: [INFO] RecordSyncInitDuration has_sync_been_enabled: 0 state: 0
2025-11-05 12:15:36.410: [INFO] RecordSyncInitDuration has_sync_been_enabled: 0 state: 0
2025-11-05 12:15:36.410: [INFO] RecordSyncInitDuration has_sync_been_enabled: 0 state: 0
2025-11-05 12:15:36.411: [INFO] RecordSyncInitDuration has_sync_been_enabled: 0 state: 0
2025-11-05 12:15:36.411: [INFO] RecordSyncInitDuration has_sync_been_enabled: 0 state: 0
2025-11-05 12:15:36.412: [INFO] RecordSyncInitDuration has_sync_been_enabled: 0 state: 0
2025-11-05 12:15:36.412: [INFO] RecordSyncInitDuration has_sync_been_enabled: 0 state: 0
2025-11-05 12:15:36.413: [INFO] RecordSyncInitDuration has_sync_been_enabled: 0 state: 0
2025-11-05 12:15:36.420: [INFO] BookmarkNodeAdded, ABU: 0
2025-11-05 12:15:36.420: [INFO] BookmarkNodeAdded, ABU: 0
2025-11-05 12:15:36.420: [INFO] BookmarkNodeAdded, ABU: 0
2025-11-05 12:15:36.420: [INFO] BookmarkModelLoaded, ids_reassigned: 0
2025-11-05 12:15:36.420: [INFO] OnDoneLoading sync enabled: 0
2025-11-05 12:15:36.472: [INFO] RecordSyncInitDuration has_sync_been_enabled: 0 state: 0
2025-11-05 12:15:36.575: [INFO] RecordSyncInitDuration has_sync_been_enabled: 0 state: 3
2025-11-05 12:15:36.577: [INFO] Primary account changed.
2025-11-05 12:15:36.577: [INFO] OnPrimaryAccountChanged PrimaryAccountChangeEvent::Type::kSet
2025-11-05 12:15:36.579: [INFO] RecordSyncInitDuration has_sync_been_enabled: 0 state: 3
2025-11-05 12:15:36.660: [INFO] RecordSyncInitDuration has_sync_been_enabled: 0 state: 3
2025-11-05 12:15:40.464: [INFO] BookmarkNodeAdded, ABU: 0
2025-11-05 12:15:40.464: [INFO] BookmarkNodeAdded, ABU: 0
2025-11-05 12:15:40.464: [INFO] BookmarkNodeAdded, ABU: 0
2025-11-05 12:15:40.464: [INFO] BookmarkNodeAdded, ABU: 0
2025-11-05 12:15:40.899: [INFO] Sync initialization duration: 4079ms
2025-11-05 12:43:02.749: [INFO] VisibilityChanged: 0
2025-11-05 12:43:02.791: [INFO] BookmarkNodeAdded, ABU: 0
2025-11-05 12:43:02.791: [INFO] BookmarkNodeAdded, ABU: 0
2025-11-05 12:43:02.791: [INFO] BookmarkNodeAdded, ABU: 0
2025-11-05 12:43:02.791: [INFO] BookmarkModelLoaded, ids_reassigned: 0
2025-11-05 12:43:02.792: [INFO] OnDoneLoading sync enabled: 1
2025-11-05 12:43:08.076: [INFO] Sync initialization duration: 1640ms
2025-11-05 13:10:35.348: [INFO] VisibilityChanged: 0
2025-11-05 13:10:35.394: [INFO] BookmarkNodeAdded, ABU: 0
2025-11-05 13:10:35.395: [INFO] BookmarkNodeAdded, ABU: 0
2025-11-05 13:10:35.395: [INFO] BookmarkNodeAdded, ABU: 0
2025-11-05 13:10:35.395: [INFO] BookmarkModelLoaded, ids_reassigned: 0
2025-11-05 13:10:35.395: [INFO] OnDoneLoading sync enabled: 1
2025-11-05 13:10:40.879: [INFO] Sync initialization duration: 1634ms
2025-11-05 15:21:09.654: [INFO] VisibilityChanged: 0
2025-11-05 15:21:09.710: [INFO] BookmarkNodeAdded, ABU: 0
2025-11-05 15:21:09.710: [INFO] BookmarkNodeAdded, ABU: 0
2025-11-05 15:21:09.710: [INFO] BookmarkNodeAdded, ABU: 0
2025-11-05 15:21:09.710: [INFO] BookmarkModelLoaded, ids_reassigned: 0
2025-11-05 15:21:09.710: [INFO] OnDoneLoading sync enabled: 1
2025-11-05 15:21:16.551: [INFO] Sync initialization duration: 2267ms
2025-11-05 16:33:08.907: [INFO] VisibilityChanged: 0
2025-11-05 16:33:08.965: [INFO] BookmarkNodeAdded, ABU: 0
2025-11-05 16:33:08.965: [INFO] BookmarkNodeAdded, ABU: 0
2025-11-05 16:33:08.965: [INFO] BookmarkNodeAdded, ABU: 0
2025-11-05 16:33:08.965: [INFO] BookmarkModelLoaded, ids_reassigned: 0
2025-11-05 16:33:08.965: [INFO] OnDoneLoading sync enabled: 1
2025-11-05 16:33:15.724: [INFO] Sync initialization duration: 2055ms
2025-11-05 16:49:07.947: [INFO] VisibilityChanged: 0
2025-11-05 16:49:08.002: [INFO] BookmarkNodeAdded, ABU: 0
2025-11-05 16:49:08.002: [INFO] BookmarkNodeAdded, ABU: 0
2025-11-05 16:49:08.003: [INFO] BookmarkNodeAdded, ABU: 0
2025-11-05 16:49:08.003: [INFO] BookmarkModelLoaded, ids_reassigned: 0
2025-11-05 16:49:08.003: [INFO] OnDoneLoading sync enabled: 1
2025-11-05 16:49:14.622: [INFO] Sync initialization duration: 2150ms
2025-11-05 17:40:40.053: [INFO] VisibilityChanged: 0
2025-11-05 17:40:40.109: [INFO] BookmarkNodeAdded, ABU: 0
2025-11-05 17:40:40.109: [INFO] BookmarkNodeAdded, ABU: 0
2025-11-05 17:40:40.109: [INFO] BookmarkNodeAdded, ABU: 0
2025-11-05 17:40:40.109: [INFO] BookmarkModelLoaded, ids_reassigned: 0
2025-11-05 17:40:40.109: [INFO] OnDoneLoading sync enabled: 1
2025-11-05 17:40:45.746: [INFO] Sync initialization duration: 1357ms
2025-11-05 17:56:01.518: [INFO] VisibilityChanged: 0
2025-11-05 17:56:01.609: [INFO] BookmarkNodeAdded, ABU: 0
2025-11-05 17:56:01.609: [INFO] BookmarkNodeAdded, ABU: 0
2025-11-05 17:56:01.610: [INFO] BookmarkNodeAdded, ABU: 0
2025-11-05 17:56:01.610: [INFO] BookmarkModelLoaded, ids_reassigned: 0
2025-11-05 17:56:01.610: [INFO] OnDoneLoading sync enabled: 1
2025-11-05 17:56:10.011: [INFO] Sync initialization duration: 1989ms
2025-11-05 20:39:34.605: [INFO] VisibilityChanged: 0
2025-11-05 20:39:34.647: [INFO] BookmarkNodeAdded, ABU: 0
2025-11-05 20:39:34.647: [INFO] BookmarkNodeAdded, ABU: 0
2025-11-05 20:39:34.647: [INFO] BookmarkNodeAdded, ABU: 0
2025-11-05 20:39:34.647: [INFO] BookmarkModelLoaded, ids_reassigned: 0
2025-11-05 20:39:34.647: [INFO] OnDoneLoading sync enabled: 1
2025-11-05 20:39:39.614: [INFO] Sync initialization duration: 1152ms
2025-11-05 20:53:25.267: [INFO] VisibilityChanged: 0
2025-11-05 20:53:25.309: [INFO] BookmarkNodeAdded, ABU: 0
2025-11-05 20:53:25.309: [INFO] BookmarkNodeAdded, ABU: 0
2025-11-05 20:53:25.310: [INFO] BookmarkNodeAdded, ABU: 0
2025-11-05 20:53:25.310: [INFO] BookmarkModelLoaded, ids_reassigned: 0
2025-11-05 20:53:25.310: [INFO] OnDoneLoading sync enabled: 1
2025-11-05 20:53:30.660: [INFO] Sync initialization duration: 1665ms
2025-11-05 21:47:33.154: [INFO] VisibilityChanged: 0
2025-11-05 21:47:33.201: [INFO] BookmarkNodeAdded, ABU: 0
2025-11-05 21:47:33.201: [INFO] BookmarkNodeAdded, ABU: 0
2025-11-05 21:47:33.201: [INFO] BookmarkNodeAdded, ABU: 0
2025-11-05 21:47:33.201: [INFO] BookmarkModelLoaded, ids_reassigned: 0
2025-11-05 21:47:33.201: [INFO] OnDoneLoading sync enabled: 1
2025-11-05 21:47:38.924: [INFO] Sync initialization duration: 1838ms
2025-11-05 21:52:35.382: [INFO] VisibilityChanged: 0
2025-11-05 21:52:35.426: [INFO] BookmarkNodeAdded, ABU: 0
2025-11-05 21:52:35.426: [INFO] BookmarkNodeAdded, ABU: 0
2025-11-05 21:52:35.426: [INFO] BookmarkNodeAdded, ABU: 0
2025-11-05 21:52:35.426: [INFO] BookmarkModelLoaded, ids_reassigned: 0
2025-11-05 21:52:35.426: [INFO] OnDoneLoading sync enabled: 1
2025-11-05 21:52:40.770: [INFO] Sync initialization duration: 1478ms
2025-11-05 22:08:30.581: [INFO] VisibilityChanged: 0
2025-11-05 22:08:30.633: [INFO] BookmarkNodeAdded, ABU: 0
2025-11-05 22:08:30.633: [INFO] BookmarkNodeAdded, ABU: 0
2025-11-05 22:08:30.633: [INFO] BookmarkNodeAdded, ABU: 0
2025-11-05 22:08:30.633: [INFO] BookmarkModelLoaded, ids_reassigned: 0
2025-11-05 22:08:30.633: [INFO] OnDoneLoading sync enabled: 1
2025-11-05 22:08:36.091: [INFO] Sync initialization duration: 1601ms
2025-11-10 20:41:41.134: [INFO] VisibilityChanged: 0
2025-11-10 20:41:41.176: [INFO] BookmarkNodeAdded, ABU: 0
2025-11-10 20:41:41.176: [INFO] BookmarkNodeAdded, ABU: 0
2025-11-10 20:41:41.176: [INFO] BookmarkNodeAdded, ABU: 0
2025-11-10 20:41:41.176: [INFO] BookmarkModelLoaded, ids_reassigned: 0
2025-11-10 20:41:41.176: [INFO] OnDoneLoading sync enabled: 1
2025-11-10 20:41:48.129: [INFO] Sync initialization duration: 2063ms
2025-11-10 22:06:12.240: [INFO] VisibilityChanged: 0
2025-11-10 22:06:12.289: [INFO] BookmarkNodeAdded, ABU: 0
2025-11-10 22:06:12.289: [INFO] BookmarkNodeAdded, ABU: 0
2025-11-10 22:06:12.289: [INFO] BookmarkNodeAdded, ABU: 0
2025-11-10 22:06:12.289: [INFO] BookmarkModelLoaded, ids_reassigned: 0
2025-11-10 22:06:12.289: [INFO] OnDoneLoading sync enabled: 1
2025-11-10 22:06:18.412: [INFO] Sync initialization duration: 1886ms
2025-11-11 04:18:53.100: [INFO] VisibilityChanged: 0
2025-11-11 04:18:53.154: [INFO] BookmarkNodeAdded, ABU: 0
2025-11-11 04:18:53.154: [INFO] BookmarkNodeAdded, ABU: 0
2025-11-11 04:18:53.154: [INFO] BookmarkNodeAdded, ABU: 0
2025-11-11 04:18:53.154: [INFO] BookmarkModelLoaded, ids_reassigned: 0
2025-11-11 04:18:53.154: [INFO] OnDoneLoading sync enabled: 1
2025-11-11 04:19:02.408: [INFO] Sync initialization duration: 2181ms
2025-11-11 11:07:57.847: [INFO] VisibilityChanged: 0
2025-11-11 11:07:57.906: [INFO] BookmarkNodeAdded, ABU: 0
2025-11-11 11:07:57.906: [INFO] BookmarkNodeAdded, ABU: 0
2025-11-11 11:07:57.906: [INFO] BookmarkNodeAdded, ABU: 0
2025-11-11 11:07:57.906: [INFO] BookmarkModelLoaded, ids_reassigned: 0
2025-11-11 11:07:57.906: [INFO] OnDoneLoading sync enabled: 1
2025-11-11 11:08:05.424: [INFO] Sync initialization duration: 2707ms
2025-11-11 13:31:41.722: [INFO] VisibilityChanged: 0
2025-11-11 13:31:41.774: [INFO] BookmarkNodeAdded, ABU: 0
2025-11-11 13:31:41.774: [INFO] BookmarkNodeAdded, ABU: 0
2025-11-11 13:31:41.774: [INFO] BookmarkNodeAdded, ABU: 0
2025-11-11 13:31:41.774: [INFO] BookmarkModelLoaded, ids_reassigned: 0
2025-11-11 13:31:41.774: [INFO] OnDoneLoading sync enabled: 1
2025-11-11 13:31:50.187: [INFO] Sync initialization duration: 2042ms
2025-11-11 15:00:06.544: [INFO] VisibilityChanged: 0
2025-11-11 15:00:06.598: [INFO] BookmarkNodeAdded, ABU: 0
2025-11-11 15:00:06.598: [INFO] BookmarkNodeAdded, ABU: 0
2025-11-11 15:00:06.598: [INFO] BookmarkNodeAdded, ABU: 0
2025-11-11 15:00:06.598: [INFO] BookmarkModelLoaded, ids_reassigned: 0
2025-11-11 15:00:06.598: [INFO] OnDoneLoading sync enabled: 1
2025-11-11 15:00:14.115: [INFO] Sync initialization duration: 2274ms
2025-11-11 19:01:15.118: [INFO] VisibilityChanged: 0
2025-11-11 19:01:15.168: [INFO] BookmarkNodeAdded, ABU: 0
2025-11-11 19:01:15.168: [INFO] BookmarkNodeAdded, ABU: 0
2025-11-11 19:01:15.168: [INFO] BookmarkNodeAdded, ABU: 0
2025-11-11 19:01:15.168: [INFO] BookmarkModelLoaded, ids_reassigned: 0
2025-11-11 19:01:15.168: [INFO] OnDoneLoading sync enabled: 1
2025-11-11 19:01:21.792: [INFO] Sync initialization duration: 1683ms
